Using pre-set license
Built from '2022.3/staging' branch; Version is '2022.3.15f1 (b58023a2b463) revision 11894819'; Using compiler version '192829333'; Build Type 'Release'
OS: 'Windows 11  (10.0.22621) 64bit Professional' Language: 'en' Physical Memory: 32674 MB
BatchMode: 1, IsHumanControllingUs: 0, StartBugReporterOnCrash: 0, Is64bit: 1, IsPro: 1

COMMAND LINE ARGUMENTS:
C:\Program Files\Unity\Hub\Editor\2022.3.15f1\Editor\Unity.exe
-adb2
-batchMode
-noUpm
-name
AssetImportWorker16
-projectPath
C:/Users/Brett/CozyGlobe
-logFile
Logs/AssetImportWorker16.log
-srvPort
50200
Successfully changed project path to: C:/Users/Brett/CozyGlobe
C:/Users/Brett/CozyGlobe
[UnityMemory] Configuration Parameters - Can be set up in boot.config
    "memorysetup-bucket-allocator-granularity=16"
    "memorysetup-bucket-allocator-bucket-count=8"
    "memorysetup-bucket-allocator-block-size=33554432"
    "memorysetup-bucket-allocator-block-count=8"
    "memorysetup-main-allocator-block-size=16777216"
    "memorysetup-thread-allocator-block-size=16777216"
    "memorysetup-gfx-main-allocator-block-size=16777216"
    "memorysetup-gfx-thread-allocator-block-size=16777216"
    "memorysetup-cache-allocator-block-size=4194304"
    "memorysetup-typetree-allocator-block-size=2097152"
    "memorysetup-profiler-bucket-allocator-granularity=16"
    "memorysetup-profiler-bucket-allocator-bucket-count=8"
    "memorysetup-profiler-bucket-allocator-block-size=33554432"
    "memorysetup-profiler-bucket-allocator-block-count=8"
    "memorysetup-profiler-allocator-block-size=16777216"
    "memorysetup-profiler-editor-allocator-block-size=1048576"
    "memorysetup-temp-allocator-size-main=16777216"
    "memorysetup-job-temp-allocator-block-size=2097152"
    "memorysetup-job-temp-allocator-block-size-background=1048576"
    "memorysetup-job-temp-allocator-reduction-small-platforms=262144"
    "memorysetup-allocator-temp-initial-block-size-main=262144"
    "memorysetup-allocator-temp-initial-block-size-worker=262144"
    "memorysetup-temp-allocator-size-background-worker=32768"
    "memorysetup-temp-allocator-size-job-worker=262144"
    "memorysetup-temp-allocator-size-preload-manager=33554432"
    "memorysetup-temp-allocator-size-nav-mesh-worker=65536"
    "memorysetup-temp-allocator-size-audio-worker=65536"
    "memorysetup-temp-allocator-size-cloud-worker=32768"
    "memorysetup-temp-allocator-size-gi-baking-worker=262144"
    "memorysetup-temp-allocator-size-gfx=262144"
Player connection [24852] Host "[IP] 192.168.4.50 [Port] 0 [Flags] 2 [Guid] 1738085727 [EditorId] 1738085727 [Version] 1048832 [Id] WindowsEditor(7,DESKTOP-CJLP6I3) [Debug] 1 [PackageName] WindowsEditor [ProjectName] Editor" joined multi-casting on [225.0.0.222:54997]...

Player connection [24852] Host "[IP] 192.168.4.50 [Port] 0 [Flags] 2 [Guid] 1738085727 [EditorId] 1738085727 [Version] 1048832 [Id] WindowsEditor(7,DESKTOP-CJLP6I3) [Debug] 1 [PackageName] WindowsEditor [ProjectName] Editor" joined alternative multi-casting on [225.0.0.222:34997]...

[Physics::Module] Initialized MultithreadedJobDispatcher with 23 workers.
Refreshing native plugins compatible for Editor in 9.63 ms, found 4 plugins.
Preloading 0 native plugins for Editor in 0.00 ms.
Initialize engine version: 2022.3.15f1 (b58023a2b463)
[Subsystems] Discovering subsystems at path C:/Program Files/Unity/Hub/Editor/2022.3.15f1/Editor/Data/Resources/UnitySubsystems
[Subsystems] Discovering subsystems at path C:/Users/Brett/CozyGlobe/Assets
GfxDevice: creating device client; threaded=0; jobified=0
Direct3D:
    Version:  Direct3D 11.0 [level 11.1]
    Renderer: NVIDIA GeForce RTX 3090 (ID=0x2204)
    Vendor:   NVIDIA
    VRAM:     24348 MB
    Driver:   30.0.14.9676
Initialize mono
Mono path[0] = 'C:/Program Files/Unity/Hub/Editor/2022.3.15f1/Editor/Data/Managed'
Mono path[1] = 'C:/Program Files/Unity/Hub/Editor/2022.3.15f1/Editor/Data/MonoBleedingEdge/lib/mono/unityjit-win32'
Mono config path = 'C:/Program Files/Unity/Hub/Editor/2022.3.15f1/Editor/Data/MonoBleedingEdge/etc'
Using monoOptions --debugger-agent=transport=dt_socket,embedding=1,server=y,suspend=n,address=127.0.0.1:56156
Begin MonoManager ReloadAssembly
Registering precompiled unity dll's ...
Register platform support module: C:/Program Files/Unity/Hub/Editor/2022.3.15f1/Editor/Data/PlaybackEngines/WindowsStandaloneSupport/UnityEditor.WindowsStandalone.Extensions.dll
Registered in 0.004261 seconds.
- Loaded All Assemblies, in  0.250 seconds
Native extension for WindowsStandalone target not found
Mono: successfully reloaded assembly
- Finished resetting the current domain, in  0.207 seconds
Domain Reload Profiling: 456ms
	BeginReloadAssembly (77ms)
		ExecutionOrderSort (0ms)
		DisableScriptedObjects (0ms)
		BackupInstance (0ms)
		ReleaseScriptingObjects (0ms)
		CreateAndSetChildDomain (1ms)
	RebuildCommonClasses (25ms)
	RebuildNativeTypeToScriptingClass (7ms)
	initialDomainReloadingComplete (41ms)
	LoadAllAssembliesAndSetupDomain (99ms)
		LoadAssemblies (76ms)
		RebuildTransferFunctionScriptingTraits (0ms)
		AnalyzeDomain (97ms)
			TypeCache.Refresh (96ms)
				TypeCache.ScanAssembly (87ms)
			ScanForSourceGeneratedMonoScriptInfo (0ms)
			ResolveRequiredComponents (0ms)
	FinalizeReload (207ms)
		ReleaseScriptCaches (0ms)
		RebuildScriptCaches (0ms)
		SetupLoadedEditorAssemblies (162ms)
			LogAssemblyErrors (0ms)
			InitializePlatformSupportModulesInManaged (7ms)
			SetLoadedEditorAssemblies (6ms)
			RefreshPlugins (0ms)
			BeforeProcessingInitializeOnLoad (2ms)
			ProcessInitializeOnLoadAttributes (110ms)
			ProcessInitializeOnLoadMethodAttributes (37ms)
			AfterProcessingInitializeOnLoad (0ms)
			EditorAssembliesLoaded (0ms)
		ExecutionOrderSort2 (0ms)
		AwakeInstancesAfterBackupRestoration (0ms)
========================================================================
Worker process is ready to serve import requests
Begin MonoManager ReloadAssembly
- Loaded All Assemblies, in  0.508 seconds
Refreshing native plugins compatible for Editor in 3.96 ms, found 4 plugins.
Native extension for WindowsStandalone target not found
Package Manager log level set to [2]
[Package Manager] Server::EnsureServerProcessIsRunning -- launch failed, reason: Unity was launched with the -noUpm command-line argument
[Package Manager] UpmClient::Send -- Unable to send message (not connected to UPM process).
[Package Manager] Cannot connect to Unity Package Manager local server
Mono: successfully reloaded assembly
- Finished resetting the current domain, in  0.519 seconds
Domain Reload Profiling: 1025ms
	BeginReloadAssembly (108ms)
		ExecutionOrderSort (0ms)
		DisableScriptedObjects (4ms)
		BackupInstance (0ms)
		ReleaseScriptingObjects (0ms)
		CreateAndSetChildDomain (17ms)
	RebuildCommonClasses (28ms)
	RebuildNativeTypeToScriptingClass (7ms)
	initialDomainReloadingComplete (34ms)
	LoadAllAssembliesAndSetupDomain (329ms)
		LoadAssemblies (264ms)
		RebuildTransferFunctionScriptingTraits (0ms)
		AnalyzeDomain (125ms)
			TypeCache.Refresh (106ms)
				TypeCache.ScanAssembly (93ms)
			ScanForSourceGeneratedMonoScriptInfo (15ms)
			ResolveRequiredComponents (3ms)
	FinalizeReload (519ms)
		ReleaseScriptCaches (0ms)
		RebuildScriptCaches (0ms)
		SetupLoadedEditorAssemblies (403ms)
			LogAssemblyErrors (0ms)
			InitializePlatformSupportModulesInManaged (5ms)
			SetLoadedEditorAssemblies (3ms)
			RefreshPlugins (0ms)
			BeforeProcessingInitializeOnLoad (83ms)
			ProcessInitializeOnLoadAttributes (279ms)
			ProcessInitializeOnLoadMethodAttributes (28ms)
			AfterProcessingInitializeOnLoad (5ms)
			EditorAssembliesLoaded (0ms)
		ExecutionOrderSort2 (0ms)
		AwakeInstancesAfterBackupRestoration (6ms)
Launched and connected shader compiler UnityShaderCompiler.exe after 0.04 seconds
Refreshing native plugins compatible for Editor in 3.84 ms, found 4 plugins.
Preloading 0 native plugins for Editor in 0.00 ms.
Unloading 4033 Unused Serialized files (Serialized files now loaded: 0)
Unloading 64 unused Assets / (61.0 KB). Loaded Objects now: 4495.
Memory consumption went from 148.8 MB to 148.7 MB.
Total: 3.431300 ms (FindLiveObjects: 0.324500 ms CreateObjectMapping: 0.089300 ms MarkObjects: 2.910500 ms  DeleteObjects: 0.106300 ms)

AssetImportParameters requested are different than current active one (requested -> active):
  custom:container-demuxer-ogg: 62fdf1f143b41e24485cea50d1cbac27 -> 
  custom:video-decoder-ogg-theora: a1e56fd34408186e4bbccfd4996cb3dc -> 
  custom:framework-win-MediaFoundation: 216162199b28c13a410421893ffa2e32 -> 
  custom:CustomObjectIndexerAttribute: 43b350a4d6e6d1791af0b5038c4bea17 -> 
  custom:container-demuxer-webm: 4f35f7cbe854078d1ac9338744f61a02 -> 
  custom:container-muxer-webm: aa71ff27fc2769a1b78a27578f13a17b -> 
  custom:video-decoder-webm-vp8: 9c59270c3fd7afecdb556c50c9e8de78 -> 
  custom:SearchIndexIgnoredProperties: e643bd26f0fe6173181afceb89e7c659 -> 
  custom:AudioImporter_EditorPlatform: d09bf68614088b80899f8185d706f6e7 -> 
  custom:video-encoder-webm-vp8: eb34c28f22e8b96e1ab97ce403110664 -> 
  custom:audio-decoder-ogg-vorbis: bf7c407c2cedff20999df2af8eb42d56 -> 
  custom:audio-encoder-webm-vorbis: bf7c407c2cedff20999df2af8eb42d56 -> 
========================================================================
Received Import Request.
  Time since last request: 215306.500506 seconds.
  path: Assets/Resources/winter_global_401.asset
  artifactKey: Guid(7e996d533a659ba4a843d810a26416f0) Importer(815301076,1909f56bfc062723c751e8b465ee728b)
Start importing Assets/Resources/winter_global_401.asset using Guid(7e996d533a659ba4a843d810a26416f0) Importer(815301076,1909f56bfc062723c751e8b465ee728b)  -> (artifact id: '47e4038b2ed86acce2ab8ea55577ec5f') in 0.069659 seconds
Number of updated asset objects reloaded before import = 0
Number of asset objects unloaded after import = 3
========================================================================
Received Import Request.
  Time since last request: 0.000016 seconds.
  path: Assets/Resources/winter_global_411.asset
  artifactKey: Guid(29ead23577043b241a4541ddb33e2a07) Importer(815301076,1909f56bfc062723c751e8b465ee728b)
Start importing Assets/Resources/winter_global_411.asset using Guid(29ead23577043b241a4541ddb33e2a07) Importer(815301076,1909f56bfc062723c751e8b465ee728b)  -> (artifact id: '9a704e6526f8bf1c549e0e7ad9b81311') in 0.009084 seconds
Number of updated asset objects reloaded before import = 0
Number of asset objects unloaded after import = 3
========================================================================
Received Import Request.
  Time since last request: 0.074342 seconds.
  path: Assets/Resources/winter_global_421.asset
  artifactKey: Guid(c24ea5ef37ef5b143935e1aa83e2cc6e) Importer(815301076,1909f56bfc062723c751e8b465ee728b)
Start importing Assets/Resources/winter_global_421.asset using Guid(c24ea5ef37ef5b143935e1aa83e2cc6e) Importer(815301076,1909f56bfc062723c751e8b465ee728b)  -> (artifact id: '8ddb4660dfbb7941e0d441b1f09970ff') in 0.011029 seconds
Number of updated asset objects reloaded before import = 0
Number of asset objects unloaded after import = 3
========================================================================
Received Import Request.
  Time since last request: 0.418164 seconds.
  path: Assets/Resources/winter_global_431.asset
  artifactKey: Guid(ee0b1271ded0ebd40a69f04748388b0a) Importer(815301076,1909f56bfc062723c751e8b465ee728b)
Start importing Assets/Resources/winter_global_431.asset using Guid(ee0b1271ded0ebd40a69f04748388b0a) Importer(815301076,1909f56bfc062723c751e8b465ee728b)  -> (artifact id: '705f90db56bbcc15f3091b7db41ec9cd') in 0.008192 seconds
Number of updated asset objects reloaded before import = 0
Number of asset objects unloaded after import = 3
========================================================================
Received Import Request.
  Time since last request: 0.053209 seconds.
  path: Assets/Resources/winter_global_441.asset
  artifactKey: Guid(279c0b7f59ea71f4eb6b16212e80b310) Importer(815301076,1909f56bfc062723c751e8b465ee728b)
Start importing Assets/Resources/winter_global_441.asset using Guid(279c0b7f59ea71f4eb6b16212e80b310) Importer(815301076,1909f56bfc062723c751e8b465ee728b)  -> (artifact id: 'a757f76b6dda728b581563181c223000') in 0.007679 seconds
Number of updated asset objects reloaded before import = 0
Number of asset objects unloaded after import = 3
========================================================================
Received Import Request.
  Time since last request: 0.000013 seconds.
  path: Assets/Resources/winter_global_445.asset
  artifactKey: Guid(069e2992b06583643922b7117141567f) Importer(815301076,1909f56bfc062723c751e8b465ee728b)
Start importing Assets/Resources/winter_global_445.asset using Guid(069e2992b06583643922b7117141567f) Importer(815301076,1909f56bfc062723c751e8b465ee728b)  -> (artifact id: '3d776507a3f78ca972859932804a846f') in 0.007906 seconds
Number of updated asset objects reloaded before import = 0
Number of asset objects unloaded after import = 3
========================================================================
Received Import Request.
  Time since last request: 0.015738 seconds.
  path: Assets/Resources/winter_global_451.asset
  artifactKey: Guid(dea408b17a83ee04a9c9797db2b32e81) Importer(815301076,1909f56bfc062723c751e8b465ee728b)
Start importing Assets/Resources/winter_global_451.asset using Guid(dea408b17a83ee04a9c9797db2b32e81) Importer(815301076,1909f56bfc062723c751e8b465ee728b)  -> (artifact id: '664a08d0cd2d0a429a686214272a3657') in 0.007776 seconds
Number of updated asset objects reloaded before import = 0
Number of asset objects unloaded after import = 3
========================================================================
Received Import Request.
  Time since last request: 0.159427 seconds.
  path: Assets/Resources/winter_global_461.asset
  artifactKey: Guid(78128cea2c530544ab451f1838280aaf) Importer(815301076,1909f56bfc062723c751e8b465ee728b)
Start importing Assets/Resources/winter_global_461.asset using Guid(78128cea2c530544ab451f1838280aaf) Importer(815301076,1909f56bfc062723c751e8b465ee728b)  -> (artifact id: 'ded3961bcfef70e8a4d6ece88f8c0b44') in 0.007798 seconds
Number of updated asset objects reloaded before import = 0
Number of asset objects unloaded after import = 3
========================================================================
Received Import Request.
  Time since last request: 0.000014 seconds.
  path: Assets/Resources/winter_global_465.asset
  artifactKey: Guid(4bab2704cf8d71241a85aac12a42d329) Importer(815301076,1909f56bfc062723c751e8b465ee728b)
Start importing Assets/Resources/winter_global_465.asset using Guid(4bab2704cf8d71241a85aac12a42d329) Importer(815301076,1909f56bfc062723c751e8b465ee728b)  -> (artifact id: '8219baf5fff11fa4ca30827748282c2e') in 0.007841 seconds
Number of updated asset objects reloaded before import = 0
Number of asset objects unloaded after import = 3
========================================================================
Received Import Request.
  Time since last request: 0.046507 seconds.
  path: Assets/Resources/winter_global_471.asset
  artifactKey: Guid(218f335ed95bde64792e84330ef02d6f) Importer(815301076,1909f56bfc062723c751e8b465ee728b)
Start importing Assets/Resources/winter_global_471.asset using Guid(218f335ed95bde64792e84330ef02d6f) Importer(815301076,1909f56bfc062723c751e8b465ee728b)  -> (artifact id: '21b87ff600c0dfbd638da75f46679dea') in 0.007520 seconds
Number of updated asset objects reloaded before import = 0
Number of asset objects unloaded after import = 3
========================================================================
Received Import Request.
  Time since last request: 0.000016 seconds.
  path: Assets/Resources/winter_global_476.asset
  artifactKey: Guid(5a2fcd4609a932a44bb954a1f75c2f26) Importer(815301076,1909f56bfc062723c751e8b465ee728b)
Start importing Assets/Resources/winter_global_476.asset using Guid(5a2fcd4609a932a44bb954a1f75c2f26) Importer(815301076,1909f56bfc062723c751e8b465ee728b)  -> (artifact id: 'd604d86c5346435f958bc2e57b7c75a5') in 0.008389 seconds
Number of updated asset objects reloaded before import = 0
Number of asset objects unloaded after import = 3
========================================================================
Received Import Request.
  Time since last request: 0.017955 seconds.
  path: Assets/Resources/winter_global_481.asset
  artifactKey: Guid(314cfe067fa7f0541b48f5ca368c9d0a) Importer(815301076,1909f56bfc062723c751e8b465ee728b)
Start importing Assets/Resources/winter_global_481.asset using Guid(314cfe067fa7f0541b48f5ca368c9d0a) Importer(815301076,1909f56bfc062723c751e8b465ee728b)  -> (artifact id: '852af35d6642df41a9883357c56c4e9f') in 0.008374 seconds
Number of updated asset objects reloaded before import = 0
Number of asset objects unloaded after import = 3
========================================================================
Received Import Request.
  Time since last request: 0.018151 seconds.
  path: Assets/Resources/winter_global_513.asset
  artifactKey: Guid(bb3b66b94dd132a408fa53ba364db5f9) Importer(815301076,1909f56bfc062723c751e8b465ee728b)
Start importing Assets/Resources/winter_global_513.asset using Guid(bb3b66b94dd132a408fa53ba364db5f9) Importer(815301076,1909f56bfc062723c751e8b465ee728b)  -> (artifact id: 'c9a650e45e5df62dc1e89695d30e61ad') in 0.013874 seconds
Number of updated asset objects reloaded before import = 0
Number of asset objects unloaded after import = 3
========================================================================
Received Import Request.
  Time since last request: 0.321697 seconds.
  path: Assets/Resources/winter_global_560.asset
  artifactKey: Guid(2fff62b4a32376048a8b0d75a0629dc2) Importer(815301076,1909f56bfc062723c751e8b465ee728b)
Start importing Assets/Resources/winter_global_560.asset using Guid(2fff62b4a32376048a8b0d75a0629dc2) Importer(815301076,1909f56bfc062723c751e8b465ee728b)  -> (artifact id: 'fe66dea89c48cc639c156843f603e04d') in 0.008382 seconds
Number of updated asset objects reloaded before import = 0
Number of asset objects unloaded after import = 3
========================================================================
Received Import Request.
  Time since last request: 0.034053 seconds.
  path: Assets/Resources/winter_global_599.asset
  artifactKey: Guid(d146e2a74e8a4c943a3cee5bc32416ba) Importer(815301076,1909f56bfc062723c751e8b465ee728b)
Start importing Assets/Resources/winter_global_599.asset using Guid(d146e2a74e8a4c943a3cee5bc32416ba) Importer(815301076,1909f56bfc062723c751e8b465ee728b)  -> (artifact id: 'a5ac21118604f9f0bd20246051580af9') in 0.008821 seconds
Number of updated asset objects reloaded before import = 0
Number of asset objects unloaded after import = 3
========================================================================
Received Import Request.
  Time since last request: 0.000013 seconds.
  path: Assets/Resources/winter_global_613.asset
  artifactKey: Guid(351ff76137a6da448abfe3acaf249ada) Importer(815301076,1909f56bfc062723c751e8b465ee728b)
Start importing Assets/Resources/winter_global_613.asset using Guid(351ff76137a6da448abfe3acaf249ada) Importer(815301076,1909f56bfc062723c751e8b465ee728b)  -> (artifact id: 'b21c86a2967df4857b18de3bdc700cd5') in 0.008746 seconds
Number of updated asset objects reloaded before import = 0
Number of asset objects unloaded after import = 3
========================================================================
Received Import Request.
  Time since last request: 0.228929 seconds.
  path: Assets/Resources/winter_global_641.asset
  artifactKey: Guid(aa941c2fa6f185b449209ed1600dd74a) Importer(815301076,1909f56bfc062723c751e8b465ee728b)
Start importing Assets/Resources/winter_global_641.asset using Guid(aa941c2fa6f185b449209ed1600dd74a) Importer(815301076,1909f56bfc062723c751e8b465ee728b)  -> (artifact id: 'e08cf097b264c65dda1c27d939c52d96') in 0.005629 seconds
Number of updated asset objects reloaded before import = 0
Number of asset objects unloaded after import = 3
========================================================================
Received Import Request.
  Time since last request: 0.000014 seconds.
  path: Assets/Resources/winter_global_655.asset
  artifactKey: Guid(3fcae02690c8fcf42b8e299ab49c1b0c) Importer(815301076,1909f56bfc062723c751e8b465ee728b)
Start importing Assets/Resources/winter_global_655.asset using Guid(3fcae02690c8fcf42b8e299ab49c1b0c) Importer(815301076,1909f56bfc062723c751e8b465ee728b)  -> (artifact id: '5f6a87fa5624231b154cc562971a08e7') in 0.007669 seconds
Number of updated asset objects reloaded before import = 0
Number of asset objects unloaded after import = 3
========================================================================
Received Import Request.
  Time since last request: 0.230661 seconds.
  path: Assets/Resources/winter_global_674.asset
  artifactKey: Guid(df8611ba5a79b0a4bbc18961c2d8b72c) Importer(815301076,1909f56bfc062723c751e8b465ee728b)
Start importing Assets/Resources/winter_global_674.asset using Guid(df8611ba5a79b0a4bbc18961c2d8b72c) Importer(815301076,1909f56bfc062723c751e8b465ee728b)  -> (artifact id: 'fb7e205d3f57f2af30f02b32c74b1fba') in 0.008387 seconds
Number of updated asset objects reloaded before import = 0
Number of asset objects unloaded after import = 3
========================================================================
Received Import Request.
  Time since last request: 0.000014 seconds.
  path: Assets/Resources/winter_global_692.asset
  artifactKey: Guid(b19ba399895c2d44db51951b956828db) Importer(815301076,1909f56bfc062723c751e8b465ee728b)
Start importing Assets/Resources/winter_global_692.asset using Guid(b19ba399895c2d44db51951b956828db) Importer(815301076,1909f56bfc062723c751e8b465ee728b)  -> (artifact id: '6165501cd5e50910c01b63064b80d7eb') in 0.003975 seconds
Number of updated asset objects reloaded before import = 0
Number of asset objects unloaded after import = 3
========================================================================
Received Import Request.
  Time since last request: 1.079660 seconds.
  path: Assets/Resources/winter_global_698.asset
  artifactKey: Guid(0d2c0378a648cc74e8f0b972eccc9aeb) Importer(815301076,1909f56bfc062723c751e8b465ee728b)
Start importing Assets/Resources/winter_global_698.asset using Guid(0d2c0378a648cc74e8f0b972eccc9aeb) Importer(815301076,1909f56bfc062723c751e8b465ee728b)  -> (artifact id: 'c9309acebb135043a1ae219ec44e6134') in 0.011439 seconds
Number of updated asset objects reloaded before import = 0
Number of asset objects unloaded after import = 3
========================================================================
Received Import Request.
  Time since last request: 0.000012 seconds.
  path: Assets/Resources/winter_global_716.asset
  artifactKey: Guid(9c3b6d10d1be7cc47a5a599dc0e279e3) Importer(815301076,1909f56bfc062723c751e8b465ee728b)
Start importing Assets/Resources/winter_global_716.asset using Guid(9c3b6d10d1be7cc47a5a599dc0e279e3) Importer(815301076,1909f56bfc062723c751e8b465ee728b)  -> (artifact id: 'f3b8a20ecd1d8b3f08113b174d14f9f3') in 0.010189 seconds
Number of updated asset objects reloaded before import = 0
Number of asset objects unloaded after import = 3
========================================================================
Received Prepare
Begin MonoManager ReloadAssembly
- Loaded All Assemblies, in  0.426 seconds
Refreshing native plugins compatible for Editor in 3.94 ms, found 4 plugins.
Native extension for WindowsStandalone target not found
[Package Manager] Server::EnsureServerProcessIsRunning -- launch failed, reason: Unity was launched with the -noUpm command-line argument
[Package Manager] UpmClient::Send -- Unable to send message (not connected to UPM process).
[Package Manager] Cannot connect to Unity Package Manager local server
Mono: successfully reloaded assembly
- Finished resetting the current domain, in  0.904 seconds
Domain Reload Profiling: 1327ms
	BeginReloadAssembly (154ms)
		ExecutionOrderSort (0ms)
		DisableScriptedObjects (9ms)
		BackupInstance (0ms)
		ReleaseScriptingObjects (0ms)
		CreateAndSetChildDomain (36ms)
	RebuildCommonClasses (24ms)
	RebuildNativeTypeToScriptingClass (9ms)
	initialDomainReloadingComplete (26ms)
	LoadAllAssembliesAndSetupDomain (210ms)
		LoadAssemblies (281ms)
		RebuildTransferFunctionScriptingTraits (0ms)
		AnalyzeDomain (12ms)
			TypeCache.Refresh (6ms)
				TypeCache.ScanAssembly (0ms)
			ScanForSourceGeneratedMonoScriptInfo (0ms)
			ResolveRequiredComponents (5ms)
	FinalizeReload (904ms)
		ReleaseScriptCaches (0ms)
		RebuildScriptCaches (0ms)
		SetupLoadedEditorAssemblies (443ms)
			LogAssemblyErrors (0ms)
			InitializePlatformSupportModulesInManaged (5ms)
			SetLoadedEditorAssemblies (5ms)
			RefreshPlugins (0ms)
			BeforeProcessingInitializeOnLoad (95ms)
			ProcessInitializeOnLoadAttributes (301ms)
			ProcessInitializeOnLoadMethodAttributes (29ms)
			AfterProcessingInitializeOnLoad (6ms)
			EditorAssembliesLoaded (0ms)
		ExecutionOrderSort2 (0ms)
		AwakeInstancesAfterBackupRestoration (14ms)
Refreshing native plugins compatible for Editor in 5.23 ms, found 4 plugins.
Preloading 0 native plugins for Editor in 0.00 ms.
Unloading 4008 Unused Serialized files (Serialized files now loaded: 0)
Unloading 36 unused Assets / (35.2 KB). Loaded Objects now: 4506.
Memory consumption went from 149.1 MB to 149.0 MB.
Total: 3.232700 ms (FindLiveObjects: 0.341100 ms CreateObjectMapping: 0.090800 ms MarkObjects: 2.740900 ms  DeleteObjects: 0.059100 ms)

Prepare: number of updated asset objects reloaded= 0
AssetImportParameters requested are different than current active one (requested -> active):
  custom:container-demuxer-ogg: 62fdf1f143b41e24485cea50d1cbac27 -> 
  custom:video-decoder-ogg-theora: a1e56fd34408186e4bbccfd4996cb3dc -> 
  custom:framework-win-MediaFoundation: 216162199b28c13a410421893ffa2e32 -> 
  custom:CustomObjectIndexerAttribute: 43b350a4d6e6d1791af0b5038c4bea17 -> 
  custom:container-demuxer-webm: 4f35f7cbe854078d1ac9338744f61a02 -> 
  custom:container-muxer-webm: aa71ff27fc2769a1b78a27578f13a17b -> 
  custom:video-decoder-webm-vp8: 9c59270c3fd7afecdb556c50c9e8de78 -> 
  custom:SearchIndexIgnoredProperties: e643bd26f0fe6173181afceb89e7c659 -> 
  custom:AudioImporter_EditorPlatform: d09bf68614088b80899f8185d706f6e7 -> 
  custom:video-encoder-webm-vp8: eb34c28f22e8b96e1ab97ce403110664 -> 
  custom:audio-decoder-ogg-vorbis: bf7c407c2cedff20999df2af8eb42d56 -> 
  custom:audio-encoder-webm-vorbis: bf7c407c2cedff20999df2af8eb42d56 -> 
Editor requested this worker to shutdown with reason: Scaling down because of idle timeout
TcpMessagingSession - receive error: operation aborted. errorcode: 995, details: The I/O operation has been aborted because of either a thread exit or an application request.
AssetImportWorker is now disconnected from the server
Process exiting
Exiting without the bug reporter. Application will terminate with return code 0