Using pre-set license
Built from '2022.3/staging' branch; Version is '2022.3.15f1 (b58023a2b463) revision 11894819'; Using compiler version '192829333'; Build Type 'Release'
OS: 'Windows 11  (10.0.22621) 64bit Professional' Language: 'en' Physical Memory: 32674 MB
BatchMode: 1, IsHumanControllingUs: 0, StartBugReporterOnCrash: 0, Is64bit: 1, IsPro: 1

COMMAND LINE ARGUMENTS:
C:\Program Files\Unity\Hub\Editor\2022.3.15f1\Editor\Unity.exe
-adb2
-batchMode
-noUpm
-name
AssetImportWorker13
-projectPath
C:/Users/Brett/CozyGlobe
-logFile
Logs/AssetImportWorker13.log
-srvPort
50200
Successfully changed project path to: C:/Users/Brett/CozyGlobe
C:/Users/Brett/CozyGlobe
[UnityMemory] Configuration Parameters - Can be set up in boot.config
    "memorysetup-bucket-allocator-granularity=16"
    "memorysetup-bucket-allocator-bucket-count=8"
    "memorysetup-bucket-allocator-block-size=33554432"
    "memorysetup-bucket-allocator-block-count=8"
    "memorysetup-main-allocator-block-size=16777216"
    "memorysetup-thread-allocator-block-size=16777216"
    "memorysetup-gfx-main-allocator-block-size=16777216"
    "memorysetup-gfx-thread-allocator-block-size=16777216"
    "memorysetup-cache-allocator-block-size=4194304"
    "memorysetup-typetree-allocator-block-size=2097152"
    "memorysetup-profiler-bucket-allocator-granularity=16"
    "memorysetup-profiler-bucket-allocator-bucket-count=8"
    "memorysetup-profiler-bucket-allocator-block-size=33554432"
    "memorysetup-profiler-bucket-allocator-block-count=8"
    "memorysetup-profiler-allocator-block-size=16777216"
    "memorysetup-profiler-editor-allocator-block-size=1048576"
    "memorysetup-temp-allocator-size-main=16777216"
    "memorysetup-job-temp-allocator-block-size=2097152"
    "memorysetup-job-temp-allocator-block-size-background=1048576"
    "memorysetup-job-temp-allocator-reduction-small-platforms=262144"
    "memorysetup-allocator-temp-initial-block-size-main=262144"
    "memorysetup-allocator-temp-initial-block-size-worker=262144"
    "memorysetup-temp-allocator-size-background-worker=32768"
    "memorysetup-temp-allocator-size-job-worker=262144"
    "memorysetup-temp-allocator-size-preload-manager=33554432"
    "memorysetup-temp-allocator-size-nav-mesh-worker=65536"
    "memorysetup-temp-allocator-size-audio-worker=65536"
    "memorysetup-temp-allocator-size-cloud-worker=32768"
    "memorysetup-temp-allocator-size-gi-baking-worker=262144"
    "memorysetup-temp-allocator-size-gfx=262144"
Player connection [42060] Host "[IP] 192.168.4.50 [Port] 0 [Flags] 2 [Guid] 3703535154 [EditorId] 3703535154 [Version] 1048832 [Id] WindowsEditor(7,DESKTOP-CJLP6I3) [Debug] 1 [PackageName] WindowsEditor [ProjectName] Editor" joined multi-casting on [225.0.0.222:54997]...

Player connection [42060] Host "[IP] 192.168.4.50 [Port] 0 [Flags] 2 [Guid] 3703535154 [EditorId] 3703535154 [Version] 1048832 [Id] WindowsEditor(7,DESKTOP-CJLP6I3) [Debug] 1 [PackageName] WindowsEditor [ProjectName] Editor" joined alternative multi-casting on [225.0.0.222:34997]...

[Physics::Module] Initialized MultithreadedJobDispatcher with 23 workers.
Refreshing native plugins compatible for Editor in 8.87 ms, found 4 plugins.
Preloading 0 native plugins for Editor in 0.00 ms.
Initialize engine version: 2022.3.15f1 (b58023a2b463)
[Subsystems] Discovering subsystems at path C:/Program Files/Unity/Hub/Editor/2022.3.15f1/Editor/Data/Resources/UnitySubsystems
[Subsystems] Discovering subsystems at path C:/Users/Brett/CozyGlobe/Assets
GfxDevice: creating device client; threaded=0; jobified=0
Direct3D:
    Version:  Direct3D 11.0 [level 11.1]
    Renderer: NVIDIA GeForce RTX 3090 (ID=0x2204)
    Vendor:   NVIDIA
    VRAM:     24348 MB
    Driver:   30.0.14.9676
Initialize mono
Mono path[0] = 'C:/Program Files/Unity/Hub/Editor/2022.3.15f1/Editor/Data/Managed'
Mono path[1] = 'C:/Program Files/Unity/Hub/Editor/2022.3.15f1/Editor/Data/MonoBleedingEdge/lib/mono/unityjit-win32'
Mono config path = 'C:/Program Files/Unity/Hub/Editor/2022.3.15f1/Editor/Data/MonoBleedingEdge/etc'
Using monoOptions --debugger-agent=transport=dt_socket,embedding=1,server=y,suspend=n,address=127.0.0.1:56656
Begin MonoManager ReloadAssembly
Registering precompiled unity dll's ...
Register platform support module: C:/Program Files/Unity/Hub/Editor/2022.3.15f1/Editor/Data/PlaybackEngines/WindowsStandaloneSupport/UnityEditor.WindowsStandalone.Extensions.dll
Registered in 0.004313 seconds.
- Loaded All Assemblies, in  0.239 seconds
Native extension for WindowsStandalone target not found
Mono: successfully reloaded assembly
- Finished resetting the current domain, in  0.209 seconds
Domain Reload Profiling: 447ms
	BeginReloadAssembly (79ms)
		ExecutionOrderSort (0ms)
		DisableScriptedObjects (0ms)
		BackupInstance (0ms)
		ReleaseScriptingObjects (0ms)
		CreateAndSetChildDomain (1ms)
	RebuildCommonClasses (23ms)
	RebuildNativeTypeToScriptingClass (7ms)
	initialDomainReloadingComplete (40ms)
	LoadAllAssembliesAndSetupDomain (89ms)
		LoadAssemblies (77ms)
		RebuildTransferFunctionScriptingTraits (0ms)
		AnalyzeDomain (88ms)
			TypeCache.Refresh (86ms)
				TypeCache.ScanAssembly (77ms)
			ScanForSourceGeneratedMonoScriptInfo (0ms)
			ResolveRequiredComponents (0ms)
	FinalizeReload (209ms)
		ReleaseScriptCaches (0ms)
		RebuildScriptCaches (0ms)
		SetupLoadedEditorAssemblies (164ms)
			LogAssemblyErrors (0ms)
			InitializePlatformSupportModulesInManaged (7ms)
			SetLoadedEditorAssemblies (6ms)
			RefreshPlugins (0ms)
			BeforeProcessingInitializeOnLoad (2ms)
			ProcessInitializeOnLoadAttributes (111ms)
			ProcessInitializeOnLoadMethodAttributes (38ms)
			AfterProcessingInitializeOnLoad (0ms)
			EditorAssembliesLoaded (0ms)
		ExecutionOrderSort2 (0ms)
		AwakeInstancesAfterBackupRestoration (0ms)
========================================================================
Worker process is ready to serve import requests
Begin MonoManager ReloadAssembly
- Loaded All Assemblies, in  0.508 seconds
Refreshing native plugins compatible for Editor in 3.23 ms, found 4 plugins.
Native extension for WindowsStandalone target not found
Package Manager log level set to [2]
[Package Manager] Server::EnsureServerProcessIsRunning -- launch failed, reason: Unity was launched with the -noUpm command-line argument
[Package Manager] UpmClient::Send -- Unable to send message (not connected to UPM process).
[Package Manager] Cannot connect to Unity Package Manager local server
Mono: successfully reloaded assembly
- Finished resetting the current domain, in  0.526 seconds
Domain Reload Profiling: 1033ms
	BeginReloadAssembly (108ms)
		ExecutionOrderSort (0ms)
		DisableScriptedObjects (4ms)
		BackupInstance (0ms)
		ReleaseScriptingObjects (0ms)
		CreateAndSetChildDomain (16ms)
	RebuildCommonClasses (24ms)
	RebuildNativeTypeToScriptingClass (7ms)
	initialDomainReloadingComplete (36ms)
	LoadAllAssembliesAndSetupDomain (331ms)
		LoadAssemblies (266ms)
		RebuildTransferFunctionScriptingTraits (0ms)
		AnalyzeDomain (127ms)
			TypeCache.Refresh (105ms)
				TypeCache.ScanAssembly (94ms)
			ScanForSourceGeneratedMonoScriptInfo (16ms)
			ResolveRequiredComponents (4ms)
	FinalizeReload (527ms)
		ReleaseScriptCaches (0ms)
		RebuildScriptCaches (0ms)
		SetupLoadedEditorAssemblies (409ms)
			LogAssemblyErrors (0ms)
			InitializePlatformSupportModulesInManaged (5ms)
			SetLoadedEditorAssemblies (4ms)
			RefreshPlugins (0ms)
			BeforeProcessingInitializeOnLoad (89ms)
			ProcessInitializeOnLoadAttributes (279ms)
			ProcessInitializeOnLoadMethodAttributes (28ms)
			AfterProcessingInitializeOnLoad (5ms)
			EditorAssembliesLoaded (0ms)
		ExecutionOrderSort2 (0ms)
		AwakeInstancesAfterBackupRestoration (6ms)
Launched and connected shader compiler UnityShaderCompiler.exe after 0.04 seconds
Refreshing native plugins compatible for Editor in 3.39 ms, found 4 plugins.
Preloading 0 native plugins for Editor in 0.00 ms.
Unloading 4033 Unused Serialized files (Serialized files now loaded: 0)
Unloading 64 unused Assets / (61.0 KB). Loaded Objects now: 4495.
Memory consumption went from 148.8 MB to 148.8 MB.
Total: 2.929100 ms (FindLiveObjects: 0.238900 ms CreateObjectMapping: 0.103100 ms MarkObjects: 2.470100 ms  DeleteObjects: 0.116400 ms)

AssetImportParameters requested are different than current active one (requested -> active):
  custom:container-demuxer-ogg: 62fdf1f143b41e24485cea50d1cbac27 -> 
  custom:video-decoder-ogg-theora: a1e56fd34408186e4bbccfd4996cb3dc -> 
  custom:framework-win-MediaFoundation: 216162199b28c13a410421893ffa2e32 -> 
  custom:CustomObjectIndexerAttribute: 43b350a4d6e6d1791af0b5038c4bea17 -> 
  custom:container-demuxer-webm: 4f35f7cbe854078d1ac9338744f61a02 -> 
  custom:container-muxer-webm: aa71ff27fc2769a1b78a27578f13a17b -> 
  custom:video-decoder-webm-vp8: 9c59270c3fd7afecdb556c50c9e8de78 -> 
  custom:SearchIndexIgnoredProperties: e643bd26f0fe6173181afceb89e7c659 -> 
  custom:AudioImporter_EditorPlatform: d09bf68614088b80899f8185d706f6e7 -> 
  custom:video-encoder-webm-vp8: eb34c28f22e8b96e1ab97ce403110664 -> 
  custom:audio-decoder-ogg-vorbis: bf7c407c2cedff20999df2af8eb42d56 -> 
  custom:audio-encoder-webm-vorbis: bf7c407c2cedff20999df2af8eb42d56 -> 
========================================================================
Received Import Request.
  Time since last request: 215306.499620 seconds.
  path: Assets/Resources/winter_global_399.asset
  artifactKey: Guid(a267eeffe6dcd4c4ead9ab95c88d0a0b) Importer(815301076,1909f56bfc062723c751e8b465ee728b)
Start importing Assets/Resources/winter_global_399.asset using Guid(a267eeffe6dcd4c4ead9ab95c88d0a0b) Importer(815301076,1909f56bfc062723c751e8b465ee728b)  -> (artifact id: '1cacc1fa567a604281003b5fcccbc308') in 0.066878 seconds
Number of updated asset objects reloaded before import = 0
Number of asset objects unloaded after import = 3
========================================================================
Received Import Request.
  Time since last request: 0.000019 seconds.
  path: Assets/Resources/winter_global_416.asset
  artifactKey: Guid(26975065327ec1c47885e9d6f9a5306e) Importer(815301076,1909f56bfc062723c751e8b465ee728b)
Start importing Assets/Resources/winter_global_416.asset using Guid(26975065327ec1c47885e9d6f9a5306e) Importer(815301076,1909f56bfc062723c751e8b465ee728b)  -> (artifact id: '2b416955a24960944e2f1b19931edf43') in 0.011255 seconds
Number of updated asset objects reloaded before import = 0
Number of asset objects unloaded after import = 3
========================================================================
Received Import Request.
  Time since last request: 0.075525 seconds.
  path: Assets/Resources/winter_global_419.asset
  artifactKey: Guid(a353f024bbcd2fa488c44ebd4e06d5bb) Importer(815301076,1909f56bfc062723c751e8b465ee728b)
Start importing Assets/Resources/winter_global_419.asset using Guid(a353f024bbcd2fa488c44ebd4e06d5bb) Importer(815301076,1909f56bfc062723c751e8b465ee728b)  -> (artifact id: 'bd625c1f3db82583797db8eac0f63122') in 0.009462 seconds
Number of updated asset objects reloaded before import = 0
Number of asset objects unloaded after import = 3
========================================================================
Received Import Request.
  Time since last request: 0.000018 seconds.
  path: Assets/Resources/winter_global_423.asset
  artifactKey: Guid(5b95c94deed147b48813a2258937af0d) Importer(815301076,1909f56bfc062723c751e8b465ee728b)
Start importing Assets/Resources/winter_global_423.asset using Guid(5b95c94deed147b48813a2258937af0d) Importer(815301076,1909f56bfc062723c751e8b465ee728b)  -> (artifact id: '47725b88d8ea0d5947061abac4e0776e') in 0.008334 seconds
Number of updated asset objects reloaded before import = 0
Number of asset objects unloaded after import = 3
========================================================================
Received Import Request.
  Time since last request: 0.410859 seconds.
  path: Assets/Resources/winter_global_429.asset
  artifactKey: Guid(e117684092e74f24cac663a1993658df) Importer(815301076,1909f56bfc062723c751e8b465ee728b)
Start importing Assets/Resources/winter_global_429.asset using Guid(e117684092e74f24cac663a1993658df) Importer(815301076,1909f56bfc062723c751e8b465ee728b)  -> (artifact id: '51baf366575d8d8a505944b5d16a66e3') in 0.009057 seconds
Number of updated asset objects reloaded before import = 0
Number of asset objects unloaded after import = 3
========================================================================
Received Import Request.
  Time since last request: 0.000015 seconds.
  path: Assets/Resources/winter_global_436.asset
  artifactKey: Guid(bf45f7faff63a5347a98873245429a2b) Importer(815301076,1909f56bfc062723c751e8b465ee728b)
Start importing Assets/Resources/winter_global_436.asset using Guid(bf45f7faff63a5347a98873245429a2b) Importer(815301076,1909f56bfc062723c751e8b465ee728b)  -> (artifact id: 'a9b5c12e47d3d6baf8ed111ec2cd5d34') in 0.008646 seconds
Number of updated asset objects reloaded before import = 0
Number of asset objects unloaded after import = 3
========================================================================
Received Import Request.
  Time since last request: 0.042849 seconds.
  path: Assets/Resources/winter_global_439.asset
  artifactKey: Guid(7b766bc5bc9cc4240b11b2319f2169b2) Importer(815301076,1909f56bfc062723c751e8b465ee728b)
Start importing Assets/Resources/winter_global_439.asset using Guid(7b766bc5bc9cc4240b11b2319f2169b2) Importer(815301076,1909f56bfc062723c751e8b465ee728b)  -> (artifact id: 'b074bfd10a32c642438217e7df7e307c') in 0.008936 seconds
Number of updated asset objects reloaded before import = 0
Number of asset objects unloaded after import = 3
========================================================================
Received Import Request.
  Time since last request: 0.000014 seconds.
  path: Assets/Resources/winter_global_444.asset
  artifactKey: Guid(80a6a3cb1abdcef45923d77cb5739ca5) Importer(815301076,1909f56bfc062723c751e8b465ee728b)
Start importing Assets/Resources/winter_global_444.asset using Guid(80a6a3cb1abdcef45923d77cb5739ca5) Importer(815301076,1909f56bfc062723c751e8b465ee728b)  -> (artifact id: '282595c5eb46bb4082b145953d5603d1') in 0.008233 seconds
Number of updated asset objects reloaded before import = 0
Number of asset objects unloaded after import = 3
========================================================================
Received Import Request.
  Time since last request: 0.014350 seconds.
  path: Assets/Resources/winter_global_449.asset
  artifactKey: Guid(a528dcfe1f98268438b9bcb351745599) Importer(815301076,1909f56bfc062723c751e8b465ee728b)
Start importing Assets/Resources/winter_global_449.asset using Guid(a528dcfe1f98268438b9bcb351745599) Importer(815301076,1909f56bfc062723c751e8b465ee728b)  -> (artifact id: '54959aa1243aa53c1b468e6101a55e25') in 0.008363 seconds
Number of updated asset objects reloaded before import = 0
Number of asset objects unloaded after import = 3
========================================================================
Received Import Request.
  Time since last request: 0.000019 seconds.
  path: Assets/Resources/winter_global_456.asset
  artifactKey: Guid(69e70d4b68bef9a4b98ade84cdde075d) Importer(815301076,1909f56bfc062723c751e8b465ee728b)
Start importing Assets/Resources/winter_global_456.asset using Guid(69e70d4b68bef9a4b98ade84cdde075d) Importer(815301076,1909f56bfc062723c751e8b465ee728b)  -> (artifact id: 'ffb2421c1efa29ec28529234dee87405') in 0.007973 seconds
Number of updated asset objects reloaded before import = 0
Number of asset objects unloaded after import = 3
========================================================================
Received Import Request.
  Time since last request: 0.150482 seconds.
  path: Assets/Resources/winter_global_459.asset
  artifactKey: Guid(9e7d3be658377c2459413ca543eb5f23) Importer(815301076,1909f56bfc062723c751e8b465ee728b)
Start importing Assets/Resources/winter_global_459.asset using Guid(9e7d3be658377c2459413ca543eb5f23) Importer(815301076,1909f56bfc062723c751e8b465ee728b)  -> (artifact id: 'afd24bcc8380624b40ffd117cc9b1f99') in 0.008527 seconds
Number of updated asset objects reloaded before import = 0
Number of asset objects unloaded after import = 3
========================================================================
Received Import Request.
  Time since last request: 0.000015 seconds.
  path: Assets/Resources/winter_global_466.asset
  artifactKey: Guid(ff9fbb03cdc7d254b8163fd8cf2d67f5) Importer(815301076,1909f56bfc062723c751e8b465ee728b)
Start importing Assets/Resources/winter_global_466.asset using Guid(ff9fbb03cdc7d254b8163fd8cf2d67f5) Importer(815301076,1909f56bfc062723c751e8b465ee728b)  -> (artifact id: '3f80d644204651f48da148a11dc98708') in 0.007787 seconds
Number of updated asset objects reloaded before import = 0
Number of asset objects unloaded after import = 3
========================================================================
Received Import Request.
  Time since last request: 0.045936 seconds.
  path: Assets/Resources/winter_global_469.asset
  artifactKey: Guid(b7bec7b163837bc45afb35b6929c32a3) Importer(815301076,1909f56bfc062723c751e8b465ee728b)
Start importing Assets/Resources/winter_global_469.asset using Guid(b7bec7b163837bc45afb35b6929c32a3) Importer(815301076,1909f56bfc062723c751e8b465ee728b)  -> (artifact id: '67c1b6504db61875abf0b13f9e191a1d') in 0.008466 seconds
Number of updated asset objects reloaded before import = 0
Number of asset objects unloaded after import = 3
========================================================================
Received Import Request.
  Time since last request: 0.000012 seconds.
  path: Assets/Resources/winter_global_475.asset
  artifactKey: Guid(2f701aed7deaff2489c92a95088c1c86) Importer(815301076,1909f56bfc062723c751e8b465ee728b)
Start importing Assets/Resources/winter_global_475.asset using Guid(2f701aed7deaff2489c92a95088c1c86) Importer(815301076,1909f56bfc062723c751e8b465ee728b)  -> (artifact id: 'ea8aa964b831003fbfb94b5467fde1d6') in 0.008323 seconds
Number of updated asset objects reloaded before import = 0
Number of asset objects unloaded after import = 3
========================================================================
Received Import Request.
  Time since last request: 0.016679 seconds.
  path: Assets/Resources/winter_global_479.asset
  artifactKey: Guid(23235fb407d626d4ca7b4ac61de7705e) Importer(815301076,1909f56bfc062723c751e8b465ee728b)
Start importing Assets/Resources/winter_global_479.asset using Guid(23235fb407d626d4ca7b4ac61de7705e) Importer(815301076,1909f56bfc062723c751e8b465ee728b)  -> (artifact id: '7a414f2c7423281de8306477eeb9ce22') in 0.008286 seconds
Number of updated asset objects reloaded before import = 0
Number of asset objects unloaded after import = 3
========================================================================
Received Import Request.
  Time since last request: 0.000017 seconds.
  path: Assets/Resources/winter_global_483.asset
  artifactKey: Guid(37f61ad9f17d94c4ea10eaf7a79e24ba) Importer(815301076,1909f56bfc062723c751e8b465ee728b)
Start importing Assets/Resources/winter_global_483.asset using Guid(37f61ad9f17d94c4ea10eaf7a79e24ba) Importer(815301076,1909f56bfc062723c751e8b465ee728b)  -> (artifact id: '68664a72727a45f2fe232479014024fe') in 0.009854 seconds
Number of updated asset objects reloaded before import = 0
Number of asset objects unloaded after import = 3
========================================================================
Received Import Request.
  Time since last request: 0.007704 seconds.
  path: Assets/Resources/winter_global_511.asset
  artifactKey: Guid(67eb2aa22c2e495439fdf969254d091b) Importer(815301076,1909f56bfc062723c751e8b465ee728b)
Start importing Assets/Resources/winter_global_511.asset using Guid(67eb2aa22c2e495439fdf969254d091b) Importer(815301076,1909f56bfc062723c751e8b465ee728b)  -> (artifact id: 'e55d6b97ce1c8d461953153228a205cd') in 0.004866 seconds
Number of updated asset objects reloaded before import = 0
Number of asset objects unloaded after import = 3
========================================================================
Received Import Request.
  Time since last request: 0.000015 seconds.
  path: Assets/Resources/winter_global_527.asset
  artifactKey: Guid(e9140dd4631c12e47bcb160896e62697) Importer(815301076,1909f56bfc062723c751e8b465ee728b)
Start importing Assets/Resources/winter_global_527.asset using Guid(e9140dd4631c12e47bcb160896e62697) Importer(815301076,1909f56bfc062723c751e8b465ee728b)  -> (artifact id: '419c3c65a5fe59260e86df584e309587') in 0.006321 seconds
Number of updated asset objects reloaded before import = 0
Number of asset objects unloaded after import = 3
========================================================================
Received Import Request.
  Time since last request: 0.323376 seconds.
  path: Assets/Resources/winter_global_544.asset
  artifactKey: Guid(85ec06f6488658940a8f128bf3ad9926) Importer(815301076,1909f56bfc062723c751e8b465ee728b)
Start importing Assets/Resources/winter_global_544.asset using Guid(85ec06f6488658940a8f128bf3ad9926) Importer(815301076,1909f56bfc062723c751e8b465ee728b)  -> (artifact id: '97e0503e67bf31c21c14106e226fb2d0') in 0.007684 seconds
Number of updated asset objects reloaded before import = 0
Number of asset objects unloaded after import = 3
========================================================================
Received Import Request.
  Time since last request: 0.000012 seconds.
  path: Assets/Resources/winter_global_562.asset
  artifactKey: Guid(d287be64be8832d478898864929f9f7f) Importer(815301076,1909f56bfc062723c751e8b465ee728b)
Start importing Assets/Resources/winter_global_562.asset using Guid(d287be64be8832d478898864929f9f7f) Importer(815301076,1909f56bfc062723c751e8b465ee728b)  -> (artifact id: '8c0d600626667d90cbf1d24b44da1605') in 0.008879 seconds
Number of updated asset objects reloaded before import = 0
Number of asset objects unloaded after import = 3
========================================================================
Received Import Request.
  Time since last request: 0.025343 seconds.
  path: Assets/Resources/winter_global_587.asset
  artifactKey: Guid(5e7a0057b6ae44a4c9002a2c67c05f0e) Importer(815301076,1909f56bfc062723c751e8b465ee728b)
Start importing Assets/Resources/winter_global_587.asset using Guid(5e7a0057b6ae44a4c9002a2c67c05f0e) Importer(815301076,1909f56bfc062723c751e8b465ee728b)  -> (artifact id: '03d2a391fd1f3b56626c0d5072aca51c') in 0.009761 seconds
Number of updated asset objects reloaded before import = 0
Number of asset objects unloaded after import = 3
========================================================================
Received Import Request.
  Time since last request: 0.237107 seconds.
  path: Assets/Resources/winter_global_630.asset
  artifactKey: Guid(fdefce4669a5a0c4887ece44d01a6605) Importer(815301076,1909f56bfc062723c751e8b465ee728b)
Start importing Assets/Resources/winter_global_630.asset using Guid(fdefce4669a5a0c4887ece44d01a6605) Importer(815301076,1909f56bfc062723c751e8b465ee728b)  -> (artifact id: '1cb89dca4afcaad1374ffd15c50f40a0') in 0.004993 seconds
Number of updated asset objects reloaded before import = 0
Number of asset objects unloaded after import = 3
========================================================================
Received Import Request.
  Time since last request: 0.000010 seconds.
  path: Assets/Resources/winter_global_643.asset
  artifactKey: Guid(2dfc81e63f651b6418aadb91c7343b1c) Importer(815301076,1909f56bfc062723c751e8b465ee728b)
Start importing Assets/Resources/winter_global_643.asset using Guid(2dfc81e63f651b6418aadb91c7343b1c) Importer(815301076,1909f56bfc062723c751e8b465ee728b)  -> (artifact id: '6f932c95d69c080f3e504e3d4eaa8374') in 0.007987 seconds
Number of updated asset objects reloaded before import = 0
Number of asset objects unloaded after import = 3
========================================================================
Received Import Request.
  Time since last request: 0.231315 seconds.
  path: Assets/Resources/winter_global_663.asset
  artifactKey: Guid(9c696f6159d0c234b872c7e1c9bed383) Importer(815301076,1909f56bfc062723c751e8b465ee728b)
Start importing Assets/Resources/winter_global_663.asset using Guid(9c696f6159d0c234b872c7e1c9bed383) Importer(815301076,1909f56bfc062723c751e8b465ee728b)  -> (artifact id: '3988c3260b4c2bf38129d66803024ca7') in 0.005491 seconds
Number of updated asset objects reloaded before import = 0
Number of asset objects unloaded after import = 3
========================================================================
Received Import Request.
  Time since last request: 0.000014 seconds.
  path: Assets/Resources/winter_global_676.asset
  artifactKey: Guid(c3f99b7cf2ea97943a695c86d9cdc206) Importer(815301076,1909f56bfc062723c751e8b465ee728b)
Start importing Assets/Resources/winter_global_676.asset using Guid(c3f99b7cf2ea97943a695c86d9cdc206) Importer(815301076,1909f56bfc062723c751e8b465ee728b)  -> (artifact id: 'edd6333a0b9e5647fdce3f6a4d4df046') in 0.004968 seconds
Number of updated asset objects reloaded before import = 0
Number of asset objects unloaded after import = 3
========================================================================
Received Import Request.
  Time since last request: 1.081209 seconds.
  path: Assets/Resources/winter_global_696.asset
  artifactKey: Guid(6fe37100c2e85c94e80e58d49e111187) Importer(815301076,1909f56bfc062723c751e8b465ee728b)
Start importing Assets/Resources/winter_global_696.asset using Guid(6fe37100c2e85c94e80e58d49e111187) Importer(815301076,1909f56bfc062723c751e8b465ee728b)  -> (artifact id: '260dc3874ee893a65e609cb8554eff01') in 0.014717 seconds
Number of updated asset objects reloaded before import = 0
Number of asset objects unloaded after import = 3
========================================================================
Received Import Request.
  Time since last request: 0.000016 seconds.
  path: Assets/Resources/winter_global_715.asset
  artifactKey: Guid(099e7f2dc2a290d49a2bf536d4750187) Importer(815301076,1909f56bfc062723c751e8b465ee728b)
Start importing Assets/Resources/winter_global_715.asset using Guid(099e7f2dc2a290d49a2bf536d4750187) Importer(815301076,1909f56bfc062723c751e8b465ee728b)  -> (artifact id: 'ff8d3129b25bb81abe1f687068c9e2ff') in 0.014540 seconds
Number of updated asset objects reloaded before import = 0
Number of asset objects unloaded after import = 3
========================================================================
Received Prepare
Begin MonoManager ReloadAssembly
- Loaded All Assemblies, in  0.414 seconds
Refreshing native plugins compatible for Editor in 3.67 ms, found 4 plugins.
Native extension for WindowsStandalone target not found
[Package Manager] Server::EnsureServerProcessIsRunning -- launch failed, reason: Unity was launched with the -noUpm command-line argument
[Package Manager] UpmClient::Send -- Unable to send message (not connected to UPM process).
[Package Manager] Cannot connect to Unity Package Manager local server
Mono: successfully reloaded assembly
- Finished resetting the current domain, in  0.900 seconds
Domain Reload Profiling: 1312ms
	BeginReloadAssembly (143ms)
		ExecutionOrderSort (0ms)
		DisableScriptedObjects (9ms)
		BackupInstance (0ms)
		ReleaseScriptingObjects (0ms)
		CreateAndSetChildDomain (34ms)
	RebuildCommonClasses (28ms)
	RebuildNativeTypeToScriptingClass (8ms)
	initialDomainReloadingComplete (24ms)
	LoadAllAssembliesAndSetupDomain (208ms)
		LoadAssemblies (270ms)
		RebuildTransferFunctionScriptingTraits (0ms)
		AnalyzeDomain (11ms)
			TypeCache.Refresh (6ms)
				TypeCache.ScanAssembly (0ms)
			ScanForSourceGeneratedMonoScriptInfo (0ms)
			ResolveRequiredComponents (4ms)
	FinalizeReload (900ms)
		ReleaseScriptCaches (0ms)
		RebuildScriptCaches (0ms)
		SetupLoadedEditorAssemblies (443ms)
			LogAssemblyErrors (0ms)
			InitializePlatformSupportModulesInManaged (6ms)
			SetLoadedEditorAssemblies (6ms)
			RefreshPlugins (0ms)
			BeforeProcessingInitializeOnLoad (95ms)
			ProcessInitializeOnLoadAttributes (298ms)
			ProcessInitializeOnLoadMethodAttributes (32ms)
			AfterProcessingInitializeOnLoad (5ms)
			EditorAssembliesLoaded (0ms)
		ExecutionOrderSort2 (0ms)
		AwakeInstancesAfterBackupRestoration (14ms)
Refreshing native plugins compatible for Editor in 6.59 ms, found 4 plugins.
Preloading 0 native plugins for Editor in 0.00 ms.
Unloading 4008 Unused Serialized files (Serialized files now loaded: 0)
Unloading 36 unused Assets / (35.2 KB). Loaded Objects now: 4506.
Memory consumption went from 149.1 MB to 149.0 MB.
Total: 3.518200 ms (FindLiveObjects: 0.334500 ms CreateObjectMapping: 0.094100 ms MarkObjects: 3.035000 ms  DeleteObjects: 0.054000 ms)

Prepare: number of updated asset objects reloaded= 0
AssetImportParameters requested are different than current active one (requested -> active):
  custom:container-demuxer-ogg: 62fdf1f143b41e24485cea50d1cbac27 -> 
  custom:video-decoder-ogg-theora: a1e56fd34408186e4bbccfd4996cb3dc -> 
  custom:framework-win-MediaFoundation: 216162199b28c13a410421893ffa2e32 -> 
  custom:CustomObjectIndexerAttribute: 43b350a4d6e6d1791af0b5038c4bea17 -> 
  custom:container-demuxer-webm: 4f35f7cbe854078d1ac9338744f61a02 -> 
  custom:container-muxer-webm: aa71ff27fc2769a1b78a27578f13a17b -> 
  custom:video-decoder-webm-vp8: 9c59270c3fd7afecdb556c50c9e8de78 -> 
  custom:SearchIndexIgnoredProperties: e643bd26f0fe6173181afceb89e7c659 -> 
  custom:AudioImporter_EditorPlatform: d09bf68614088b80899f8185d706f6e7 -> 
  custom:video-encoder-webm-vp8: eb34c28f22e8b96e1ab97ce403110664 -> 
  custom:audio-decoder-ogg-vorbis: bf7c407c2cedff20999df2af8eb42d56 -> 
  custom:audio-encoder-webm-vorbis: bf7c407c2cedff20999df2af8eb42d56 -> 
Editor requested this worker to shutdown with reason: Scaling down because of idle timeout
TcpMessagingSession - receive error: operation aborted. errorcode: 995, details: The I/O operation has been aborted because of either a thread exit or an application request.
AssetImportWorker is now disconnected from the server
Process exiting
Exiting without the bug reporter. Application will terminate with return code 0