Using pre-set license
Built from '2022.3/staging' branch; Version is '2022.3.15f1 (b58023a2b463) revision 11894819'; Using compiler version '192829333'; Build Type 'Release'
OS: 'Windows 11  (10.0.22621) 64bit Core' Language: 'en' Physical Memory: 32669 MB
BatchMode: 1, IsHumanControllingUs: 0, StartBugReporterOnCrash: 0, Is64bit: 1, IsPro: 1

COMMAND LINE ARGUMENTS:
E:\Unity\2022.3.15f1\Editor\Unity.exe
-adb2
-batchMode
-noUpm
-name
AssetImportWorker8
-projectPath
D:/Unity/Top Down Game/CozyGlobe
-logFile
Logs/AssetImportWorker8.log
-srvPort
61847
Successfully changed project path to: D:/Unity/Top Down Game/CozyGlobe
D:/Unity/Top Down Game/CozyGlobe
[UnityMemory] Configuration Parameters - Can be set up in boot.config
    "memorysetup-bucket-allocator-granularity=16"
    "memorysetup-bucket-allocator-bucket-count=8"
    "memorysetup-bucket-allocator-block-size=33554432"
    "memorysetup-bucket-allocator-block-count=8"
    "memorysetup-main-allocator-block-size=16777216"
    "memorysetup-thread-allocator-block-size=16777216"
    "memorysetup-gfx-main-allocator-block-size=16777216"
    "memorysetup-gfx-thread-allocator-block-size=16777216"
    "memorysetup-cache-allocator-block-size=4194304"
    "memorysetup-typetree-allocator-block-size=2097152"
    "memorysetup-profiler-bucket-allocator-granularity=16"
    "memorysetup-profiler-bucket-allocator-bucket-count=8"
    "memorysetup-profiler-bucket-allocator-block-size=33554432"
    "memorysetup-profiler-bucket-allocator-block-count=8"
    "memorysetup-profiler-allocator-block-size=16777216"
    "memorysetup-profiler-editor-allocator-block-size=1048576"
    "memorysetup-temp-allocator-size-main=16777216"
    "memorysetup-job-temp-allocator-block-size=2097152"
    "memorysetup-job-temp-allocator-block-size-background=1048576"
    "memorysetup-job-temp-allocator-reduction-small-platforms=262144"
    "memorysetup-allocator-temp-initial-block-size-main=262144"
    "memorysetup-allocator-temp-initial-block-size-worker=262144"
    "memorysetup-temp-allocator-size-background-worker=32768"
    "memorysetup-temp-allocator-size-job-worker=262144"
    "memorysetup-temp-allocator-size-preload-manager=33554432"
    "memorysetup-temp-allocator-size-nav-mesh-worker=65536"
    "memorysetup-temp-allocator-size-audio-worker=65536"
    "memorysetup-temp-allocator-size-cloud-worker=32768"
    "memorysetup-temp-allocator-size-gi-baking-worker=262144"
    "memorysetup-temp-allocator-size-gfx=262144"
Player connection [12876] Host "[IP] 192.168.0.18 [Port] 0 [Flags] 2 [Guid] 1432478336 [EditorId] 1432478336 [Version] 1048832 [Id] WindowsEditor(7,DESKTOP-4HD6LRJ) [Debug] 1 [PackageName] WindowsEditor [ProjectName] Editor" joined multi-casting on [225.0.0.222:54997]...

Player connection [12876] Host "[IP] 192.168.0.18 [Port] 0 [Flags] 2 [Guid] 1432478336 [EditorId] 1432478336 [Version] 1048832 [Id] WindowsEditor(7,DESKTOP-4HD6LRJ) [Debug] 1 [PackageName] WindowsEditor [ProjectName] Editor" joined alternative multi-casting on [225.0.0.222:34997]...

[Physics::Module] Initialized MultithreadedJobDispatcher with 11 workers.
Refreshing native plugins compatible for Editor in 1139.45 ms, found 4 plugins.
Preloading 0 native plugins for Editor in 0.00 ms.
Initialize engine version: 2022.3.15f1 (b58023a2b463)
[Subsystems] Discovering subsystems at path E:/Unity/2022.3.15f1/Editor/Data/Resources/UnitySubsystems
[Subsystems] Discovering subsystems at path D:/Unity/Top Down Game/CozyGlobe/Assets
GfxDevice: creating device client; threaded=0; jobified=0
Direct3D:
    Version:  Direct3D 11.0 [level 11.1]
    Renderer: NVIDIA GeForce RTX 3060 Ti (ID=0x2489)
    Vendor:   NVIDIA
    VRAM:     8038 MB
    Driver:   31.0.15.4617
Initialize mono
Mono path[0] = 'E:/Unity/2022.3.15f1/Editor/Data/Managed'
Mono path[1] = 'E:/Unity/2022.3.15f1/Editor/Data/MonoBleedingEdge/lib/mono/unityjit-win32'
Mono config path = 'E:/Unity/2022.3.15f1/Editor/Data/MonoBleedingEdge/etc'
Using monoOptions --debugger-agent=transport=dt_socket,embedding=1,server=y,suspend=n,address=127.0.0.1:56748
Begin MonoManager ReloadAssembly
Registering precompiled unity dll's ...
Register platform support module: E:/Unity/2022.3.15f1/Editor/Data/PlaybackEngines/WindowsStandaloneSupport/UnityEditor.WindowsStandalone.Extensions.dll
Registered in 0.015766 seconds.
- Loaded All Assemblies, in  0.774 seconds
Native extension for WindowsStandalone target not found
Mono: successfully reloaded assembly
- Finished resetting the current domain, in  0.296 seconds
Domain Reload Profiling: 1070ms
	BeginReloadAssembly (522ms)
		ExecutionOrderSort (0ms)
		DisableScriptedObjects (0ms)
		BackupInstance (0ms)
		ReleaseScriptingObjects (0ms)
		CreateAndSetChildDomain (1ms)
	RebuildCommonClasses (32ms)
	RebuildNativeTypeToScriptingClass (10ms)
	initialDomainReloadingComplete (53ms)
	LoadAllAssembliesAndSetupDomain (157ms)
		LoadAssemblies (521ms)
		RebuildTransferFunctionScriptingTraits (0ms)
		AnalyzeDomain (155ms)
			TypeCache.Refresh (153ms)
				TypeCache.ScanAssembly (138ms)
			ScanForSourceGeneratedMonoScriptInfo (0ms)
			ResolveRequiredComponents (0ms)
	FinalizeReload (297ms)
		ReleaseScriptCaches (0ms)
		RebuildScriptCaches (0ms)
		SetupLoadedEditorAssemblies (236ms)
			LogAssemblyErrors (0ms)
			InitializePlatformSupportModulesInManaged (7ms)
			SetLoadedEditorAssemblies (7ms)
			RefreshPlugins (0ms)
			BeforeProcessingInitializeOnLoad (2ms)
			ProcessInitializeOnLoadAttributes (156ms)
			ProcessInitializeOnLoadMethodAttributes (64ms)
			AfterProcessingInitializeOnLoad (0ms)
			EditorAssembliesLoaded (0ms)
		ExecutionOrderSort2 (0ms)
		AwakeInstancesAfterBackupRestoration (0ms)
========================================================================
Worker process is ready to serve import requests
Begin MonoManager ReloadAssembly
- Loaded All Assemblies, in  1.417 seconds
Refreshing native plugins compatible for Editor in 5.13 ms, found 4 plugins.
Native extension for WindowsStandalone target not found
Package Manager log level set to [2]
[Package Manager] Server::EnsureServerProcessIsRunning -- launch failed, reason: Unity was launched with the -noUpm command-line argument
[Package Manager] UpmClient::Send -- Unable to send message (not connected to UPM process).
[Package Manager] Cannot connect to Unity Package Manager local server
Mono: successfully reloaded assembly
- Finished resetting the current domain, in  0.606 seconds
Domain Reload Profiling: 2024ms
	BeginReloadAssembly (149ms)
		ExecutionOrderSort (0ms)
		DisableScriptedObjects (7ms)
		BackupInstance (0ms)
		ReleaseScriptingObjects (0ms)
		CreateAndSetChildDomain (18ms)
	RebuildCommonClasses (37ms)
	RebuildNativeTypeToScriptingClass (10ms)
	initialDomainReloadingComplete (36ms)
	LoadAllAssembliesAndSetupDomain (1184ms)
		LoadAssemblies (1062ms)
		RebuildTransferFunctionScriptingTraits (0ms)
		AnalyzeDomain (217ms)
			TypeCache.Refresh (192ms)
				TypeCache.ScanAssembly (132ms)
			ScanForSourceGeneratedMonoScriptInfo (20ms)
			ResolveRequiredComponents (4ms)
	FinalizeReload (607ms)
		ReleaseScriptCaches (0ms)
		RebuildScriptCaches (0ms)
		SetupLoadedEditorAssemblies (429ms)
			LogAssemblyErrors (0ms)
			InitializePlatformSupportModulesInManaged (5ms)
			SetLoadedEditorAssemblies (3ms)
			RefreshPlugins (0ms)
			BeforeProcessingInitializeOnLoad (56ms)
			ProcessInitializeOnLoadAttributes (327ms)
			ProcessInitializeOnLoadMethodAttributes (35ms)
			AfterProcessingInitializeOnLoad (2ms)
			EditorAssembliesLoaded (0ms)
		ExecutionOrderSort2 (0ms)
		AwakeInstancesAfterBackupRestoration (16ms)
Launched and connected shader compiler UnityShaderCompiler.exe after 0.18 seconds
Refreshing native plugins compatible for Editor in 6.80 ms, found 4 plugins.
Preloading 0 native plugins for Editor in 0.00 ms.
Unloading 4033 Unused Serialized files (Serialized files now loaded: 0)
Unloading 64 unused Assets / (61.2 KB). Loaded Objects now: 4494.
Memory consumption went from 148.1 MB to 148.0 MB.
Total: 3.674700 ms (FindLiveObjects: 0.379400 ms CreateObjectMapping: 0.430600 ms MarkObjects: 2.751900 ms  DeleteObjects: 0.112100 ms)

AssetImportParameters requested are different than current active one (requested -> active):
  custom:container-demuxer-ogg: 62fdf1f143b41e24485cea50d1cbac27 -> 
  custom:video-codec-MediaFoundation-h265: e54d7ab0439102e2317fc1e4b246158d -> 
  custom:video-decoder-ogg-theora: a1e56fd34408186e4bbccfd4996cb3dc -> 
  custom:framework-win-MediaFoundation: 216162199b28c13a410421893ffa2e32 -> 
  custom:CustomObjectIndexerAttribute: 43b350a4d6e6d1791af0b5038c4bea17 -> 
  custom:container-demuxer-webm: 4f35f7cbe854078d1ac9338744f61a02 -> 
  custom:container-muxer-webm: aa71ff27fc2769a1b78a27578f13a17b -> 
  custom:video-decoder-webm-vp8: 9c59270c3fd7afecdb556c50c9e8de78 -> 
  custom:SearchIndexIgnoredProperties: e643bd26f0fe6173181afceb89e7c659 -> 
  custom:AudioImporter_EditorPlatform: d09bf68614088b80899f8185d706f6e7 -> 
  custom:video-encoder-webm-vp8: eb34c28f22e8b96e1ab97ce403110664 -> 
  custom:audio-decoder-ogg-vorbis: bf7c407c2cedff20999df2af8eb42d56 -> 
  custom:audio-encoder-webm-vorbis: bf7c407c2cedff20999df2af8eb42d56 -> 
========================================================================
Received Import Request.
  Time since last request: 995492.778845 seconds.
  path: Assets/Resources/winter_global_56.asset
  artifactKey: Guid(c18ada64b63040946ab1f9362d870517) Importer(815301076,1909f56bfc062723c751e8b465ee728b)
Start importing Assets/Resources/winter_global_56.asset using Guid(c18ada64b63040946ab1f9362d870517) Importer(815301076,1909f56bfc062723c751e8b465ee728b)  -> (artifact id: '4004ad14757237749ab4e787a26e85cf') in 0.072701 seconds
Number of updated asset objects reloaded before import = 0
Number of asset objects unloaded after import = 3
========================================================================
Received Import Request.
  Time since last request: 0.000015 seconds.
  path: Assets/Resources/winter_global_420.asset
  artifactKey: Guid(c7d36b03ca801f144ba47917c8a42402) Importer(815301076,1909f56bfc062723c751e8b465ee728b)
Start importing Assets/Resources/winter_global_420.asset using Guid(c7d36b03ca801f144ba47917c8a42402) Importer(815301076,1909f56bfc062723c751e8b465ee728b)  -> (artifact id: 'c24f03777eb25756b3f6b36c7e3dcdb6') in 0.007881 seconds
Number of updated asset objects reloaded before import = 0
Number of asset objects unloaded after import = 3
========================================================================
Received Import Request.
  Time since last request: 0.000015 seconds.
  path: Assets/Resources/winter_global_432.asset
  artifactKey: Guid(c81bd50c537de274ca0b85491baf28f5) Importer(815301076,1909f56bfc062723c751e8b465ee728b)
Start importing Assets/Resources/winter_global_432.asset using Guid(c81bd50c537de274ca0b85491baf28f5) Importer(815301076,1909f56bfc062723c751e8b465ee728b)  -> (artifact id: '177453fe0523ead2d35be0e66b3d6969') in 0.058340 seconds
Number of updated asset objects reloaded before import = 0
Number of asset objects unloaded after import = 3
========================================================================
Received Import Request.
  Time since last request: 0.000013 seconds.
  path: Assets/Resources/winter_global_416.asset
  artifactKey: Guid(26975065327ec1c47885e9d6f9a5306e) Importer(815301076,1909f56bfc062723c751e8b465ee728b)
Start importing Assets/Resources/winter_global_416.asset using Guid(26975065327ec1c47885e9d6f9a5306e) Importer(815301076,1909f56bfc062723c751e8b465ee728b)  -> (artifact id: 'fc2991e699c401a5a1ef816f661a5b75') in 0.007179 seconds
Number of updated asset objects reloaded before import = 0
Number of asset objects unloaded after import = 3
========================================================================
Received Import Request.
  Time since last request: 0.000016 seconds.
  path: Assets/Resources/winter_global_122.asset
  artifactKey: Guid(c6cfde42769445a4eb5d811cc1a2d7a0) Importer(815301076,1909f56bfc062723c751e8b465ee728b)
Start importing Assets/Resources/winter_global_122.asset using Guid(c6cfde42769445a4eb5d811cc1a2d7a0) Importer(815301076,1909f56bfc062723c751e8b465ee728b)  -> (artifact id: '5c1c22db9cadd99bf19ed1d585d6b4dc') in 0.048892 seconds
Number of updated asset objects reloaded before import = 0
Number of asset objects unloaded after import = 3
========================================================================
Received Import Request.
  Time since last request: 0.000018 seconds.
  path: Assets/Resources/winter_global_444.asset
  artifactKey: Guid(80a6a3cb1abdcef45923d77cb5739ca5) Importer(815301076,1909f56bfc062723c751e8b465ee728b)
Start importing Assets/Resources/winter_global_444.asset using Guid(80a6a3cb1abdcef45923d77cb5739ca5) Importer(815301076,1909f56bfc062723c751e8b465ee728b)  -> (artifact id: '5bc375827c84c3764ee47e72cc369e03') in 0.008770 seconds
Number of updated asset objects reloaded before import = 0
Number of asset objects unloaded after import = 3
========================================================================
Received Import Request.
  Time since last request: 0.000021 seconds.
  path: Assets/Resources/winter_global_407.asset
  artifactKey: Guid(e1b388459f57f514b89b3693961ec600) Importer(815301076,1909f56bfc062723c751e8b465ee728b)
Start importing Assets/Resources/winter_global_407.asset using Guid(e1b388459f57f514b89b3693961ec600) Importer(815301076,1909f56bfc062723c751e8b465ee728b)  -> (artifact id: 'fd816453de5663eee2b034fa46554975') in 0.007122 seconds
Number of updated asset objects reloaded before import = 0
Number of asset objects unloaded after import = 3
========================================================================
Received Import Request.
  Time since last request: 0.000011 seconds.
  path: Assets/Resources/winter_global_386.asset
  artifactKey: Guid(25781ece3583e064e952a6ac28a5585b) Importer(815301076,1909f56bfc062723c751e8b465ee728b)
Start importing Assets/Resources/winter_global_386.asset using Guid(25781ece3583e064e952a6ac28a5585b) Importer(815301076,1909f56bfc062723c751e8b465ee728b)  -> (artifact id: '19d927e0148597bab3883e48504ae1ae') in 0.016635 seconds
Number of updated asset objects reloaded before import = 0
Number of asset objects unloaded after import = 3
========================================================================
Received Import Request.
  Time since last request: 0.000019 seconds.
  path: Assets/Resources/winter_global_424.asset
  artifactKey: Guid(b10ad3e31480a2a4fb104be79279f21b) Importer(815301076,1909f56bfc062723c751e8b465ee728b)
Start importing Assets/Resources/winter_global_424.asset using Guid(b10ad3e31480a2a4fb104be79279f21b) Importer(815301076,1909f56bfc062723c751e8b465ee728b)  -> (artifact id: '5f64cd2296428207fb2e453cbfe85815') in 0.007447 seconds
Number of updated asset objects reloaded before import = 0
Number of asset objects unloaded after import = 3
========================================================================
Received Import Request.
  Time since last request: 0.000012 seconds.
  path: Assets/Resources/winter_global_409.asset
  artifactKey: Guid(c7a1139f09c9e164ebb4a6975c43ac3f) Importer(815301076,1909f56bfc062723c751e8b465ee728b)
Start importing Assets/Resources/winter_global_409.asset using Guid(c7a1139f09c9e164ebb4a6975c43ac3f) Importer(815301076,1909f56bfc062723c751e8b465ee728b)  -> (artifact id: 'a4b0a947419c224bf33b2dd26c592800') in 0.004905 seconds
Number of updated asset objects reloaded before import = 0
Number of asset objects unloaded after import = 3
========================================================================
Received Import Request.
  Time since last request: 0.000013 seconds.
  path: Assets/Resources/winter_global_436.asset
  artifactKey: Guid(bf45f7faff63a5347a98873245429a2b) Importer(815301076,1909f56bfc062723c751e8b465ee728b)
Start importing Assets/Resources/winter_global_436.asset using Guid(bf45f7faff63a5347a98873245429a2b) Importer(815301076,1909f56bfc062723c751e8b465ee728b)  -> (artifact id: '87ad1d812a34b0f0ba2d8d1f07ab0554') in 0.006770 seconds
Number of updated asset objects reloaded before import = 0
Number of asset objects unloaded after import = 3
========================================================================
Received Import Request.
  Time since last request: 0.000016 seconds.
  path: Assets/Resources/winter_global_430.asset
  artifactKey: Guid(91cb1705e32252f429c67d35ea045828) Importer(815301076,1909f56bfc062723c751e8b465ee728b)
Start importing Assets/Resources/winter_global_430.asset using Guid(91cb1705e32252f429c67d35ea045828) Importer(815301076,1909f56bfc062723c751e8b465ee728b)  -> (artifact id: '354596ce3975cf028958c76981d3f302') in 0.006243 seconds
Number of updated asset objects reloaded before import = 0
Number of asset objects unloaded after import = 3
========================================================================
Received Import Request.
  Time since last request: 0.000013 seconds.
  path: Assets/Resources/winter_global_411.asset
  artifactKey: Guid(29ead23577043b241a4541ddb33e2a07) Importer(815301076,1909f56bfc062723c751e8b465ee728b)
Start importing Assets/Resources/winter_global_411.asset using Guid(29ead23577043b241a4541ddb33e2a07) Importer(815301076,1909f56bfc062723c751e8b465ee728b)  -> (artifact id: '4ef9edc1a04cc5dee034a2a9c921507f') in 0.005830 seconds
Number of updated asset objects reloaded before import = 0
Number of asset objects unloaded after import = 3
========================================================================
Received Import Request.
  Time since last request: 0.000011 seconds.
  path: Assets/Resources/winter_global_385.asset
  artifactKey: Guid(1288b0446240f0847b52c5992dc6b58b) Importer(815301076,1909f56bfc062723c751e8b465ee728b)
Start importing Assets/Resources/winter_global_385.asset using Guid(1288b0446240f0847b52c5992dc6b58b) Importer(815301076,1909f56bfc062723c751e8b465ee728b)  -> (artifact id: 'a26a63e62c77e6cdad4251923d96fe4c') in 0.009685 seconds
Number of updated asset objects reloaded before import = 0
Number of asset objects unloaded after import = 3
========================================================================
Received Import Request.
  Time since last request: 0.000012 seconds.
  path: Assets/Resources/winter_global_396.asset
  artifactKey: Guid(75cb56ac266b2284b8024274abf22102) Importer(815301076,1909f56bfc062723c751e8b465ee728b)
Start importing Assets/Resources/winter_global_396.asset using Guid(75cb56ac266b2284b8024274abf22102) Importer(815301076,1909f56bfc062723c751e8b465ee728b)  -> (artifact id: 'f9183b570a384f573aaad9f4d1e46ad5') in 0.004142 seconds
Number of updated asset objects reloaded before import = 0
Number of asset objects unloaded after import = 3
========================================================================
Received Import Request.
  Time since last request: 0.000015 seconds.
  path: Assets/Resources/winter_global_441.asset
  artifactKey: Guid(279c0b7f59ea71f4eb6b16212e80b310) Importer(815301076,1909f56bfc062723c751e8b465ee728b)
Start importing Assets/Resources/winter_global_441.asset using Guid(279c0b7f59ea71f4eb6b16212e80b310) Importer(815301076,1909f56bfc062723c751e8b465ee728b)  -> (artifact id: '350cdc1b25c5ae5f06aab9d5aa65719b') in 0.010231 seconds
Number of updated asset objects reloaded before import = 0
Number of asset objects unloaded after import = 3
========================================================================
Received Import Request.
  Time since last request: 0.597768 seconds.
  path: Assets/Resources/winter_global_453.asset
  artifactKey: Guid(14fc40e925380ab44be6b3dec9f81490) Importer(815301076,1909f56bfc062723c751e8b465ee728b)
Start importing Assets/Resources/winter_global_453.asset using Guid(14fc40e925380ab44be6b3dec9f81490) Importer(815301076,1909f56bfc062723c751e8b465ee728b)  -> (artifact id: 'ae9dd3cc5615eab7f5e595f3587d3484') in 0.006137 seconds
Number of updated asset objects reloaded before import = 0
Number of asset objects unloaded after import = 3
========================================================================
Received Import Request.
  Time since last request: 0.000017 seconds.
  path: Assets/Resources/winter_global_461.asset
  artifactKey: Guid(78128cea2c530544ab451f1838280aaf) Importer(815301076,1909f56bfc062723c751e8b465ee728b)
Start importing Assets/Resources/winter_global_461.asset using Guid(78128cea2c530544ab451f1838280aaf) Importer(815301076,1909f56bfc062723c751e8b465ee728b)  -> (artifact id: 'd9fe55db150bfc0413c7503289a4ec0f') in 0.012084 seconds
Number of updated asset objects reloaded before import = 0
Number of asset objects unloaded after import = 3
========================================================================
Received Import Request.
  Time since last request: 0.000016 seconds.
  path: Assets/Resources/winter_global_464.asset
  artifactKey: Guid(7ed5a2df22ae6b64490bc6ea9e36f388) Importer(815301076,1909f56bfc062723c751e8b465ee728b)
Start importing Assets/Resources/winter_global_464.asset using Guid(7ed5a2df22ae6b64490bc6ea9e36f388) Importer(815301076,1909f56bfc062723c751e8b465ee728b)  -> (artifact id: '2c4035116f671a7f129a69bc79af6f4f') in 0.005840 seconds
Number of updated asset objects reloaded before import = 0
Number of asset objects unloaded after import = 3
========================================================================
Received Import Request.
  Time since last request: 0.090708 seconds.
  path: Assets/Resources/winter_global_472.asset
  artifactKey: Guid(ebd97c0a3eea99c4d8c066653a0a71f3) Importer(815301076,1909f56bfc062723c751e8b465ee728b)
Start importing Assets/Resources/winter_global_472.asset using Guid(ebd97c0a3eea99c4d8c066653a0a71f3) Importer(815301076,1909f56bfc062723c751e8b465ee728b)  -> (artifact id: '2683cb23a3f6f0c28087412923520f2f') in 0.005386 seconds
Number of updated asset objects reloaded before import = 0
Number of asset objects unloaded after import = 3
========================================================================
Received Import Request.
  Time since last request: 0.000016 seconds.
  path: Assets/Resources/winter_global_476.asset
  artifactKey: Guid(5a2fcd4609a932a44bb954a1f75c2f26) Importer(815301076,1909f56bfc062723c751e8b465ee728b)
Start importing Assets/Resources/winter_global_476.asset using Guid(5a2fcd4609a932a44bb954a1f75c2f26) Importer(815301076,1909f56bfc062723c751e8b465ee728b)  -> (artifact id: 'a92e805221cdbbae97c4bf3ca672fa32') in 0.119280 seconds
Number of updated asset objects reloaded before import = 0
Number of asset objects unloaded after import = 3
========================================================================
Received Import Request.
  Time since last request: 0.012778 seconds.
  path: Assets/Resources/winter_global_513.asset
  artifactKey: Guid(bb3b66b94dd132a408fa53ba364db5f9) Importer(815301076,1909f56bfc062723c751e8b465ee728b)
Start importing Assets/Resources/winter_global_513.asset using Guid(bb3b66b94dd132a408fa53ba364db5f9) Importer(815301076,1909f56bfc062723c751e8b465ee728b)  -> (artifact id: '7a04b75e9cebc20d516e399e0c94eb4c') in 0.006317 seconds
Number of updated asset objects reloaded before import = 0
Number of asset objects unloaded after import = 3
========================================================================
Received Import Request.
  Time since last request: 0.000013 seconds.
  path: Assets/Resources/winter_global_527.asset
  artifactKey: Guid(e9140dd4631c12e47bcb160896e62697) Importer(815301076,1909f56bfc062723c751e8b465ee728b)
Start importing Assets/Resources/winter_global_527.asset using Guid(e9140dd4631c12e47bcb160896e62697) Importer(815301076,1909f56bfc062723c751e8b465ee728b)  -> (artifact id: '1773ad8538112b9ad3d7cddfde29d132') in 0.011475 seconds
Number of updated asset objects reloaded before import = 0
Number of asset objects unloaded after import = 3
========================================================================
Received Import Request.
  Time since last request: 0.000016 seconds.
  path: Assets/Resources/winter_global_610.asset
  artifactKey: Guid(b474b65bd4a6eb4439013ee8ca07d19c) Importer(815301076,1909f56bfc062723c751e8b465ee728b)
Start importing Assets/Resources/winter_global_610.asset using Guid(b474b65bd4a6eb4439013ee8ca07d19c) Importer(815301076,1909f56bfc062723c751e8b465ee728b)  -> (artifact id: 'bcc5ac892dc5bce675915a66b35893f7') in 0.042401 seconds
Number of updated asset objects reloaded before import = 0
Number of asset objects unloaded after import = 3
========================================================================
Received Import Request.
  Time since last request: 0.000019 seconds.
  path: Assets/Resources/winter_global_643.asset
  artifactKey: Guid(2dfc81e63f651b6418aadb91c7343b1c) Importer(815301076,1909f56bfc062723c751e8b465ee728b)
Start importing Assets/Resources/winter_global_643.asset using Guid(2dfc81e63f651b6418aadb91c7343b1c) Importer(815301076,1909f56bfc062723c751e8b465ee728b)  -> (artifact id: '373646ec31f58793b1b5bec7d052770d') in 0.024857 seconds
Number of updated asset objects reloaded before import = 0
Number of asset objects unloaded after import = 3
========================================================================
Received Import Request.
  Time since last request: 0.000020 seconds.
  path: Assets/Resources/winter_global_699.asset
  artifactKey: Guid(55c328586ad29be468952a7e85c351d2) Importer(815301076,1909f56bfc062723c751e8b465ee728b)
Start importing Assets/Resources/winter_global_699.asset using Guid(55c328586ad29be468952a7e85c351d2) Importer(815301076,1909f56bfc062723c751e8b465ee728b)  -> (artifact id: 'a20e42e3657565f707a0bef7679994a7') in 0.007011 seconds
Number of updated asset objects reloaded before import = 0
Number of asset objects unloaded after import = 3
========================================================================
Received Import Request.
  Time since last request: 0.000012 seconds.
  path: Assets/Resources/winter_global_716.asset
  artifactKey: Guid(9c3b6d10d1be7cc47a5a599dc0e279e3) Importer(815301076,1909f56bfc062723c751e8b465ee728b)
Start importing Assets/Resources/winter_global_716.asset using Guid(9c3b6d10d1be7cc47a5a599dc0e279e3) Importer(815301076,1909f56bfc062723c751e8b465ee728b)  -> (artifact id: '88fd7d076fa2e3f1fba17731389fcc11') in 0.061070 seconds
Number of updated asset objects reloaded before import = 0
Number of asset objects unloaded after import = 3
========================================================================
Received Import Request.
  Time since last request: 0.000011 seconds.
  path: Assets/Resources/winter_global_697.asset
  artifactKey: Guid(6d1e531acdc849444aacd8aa5c717507) Importer(815301076,1909f56bfc062723c751e8b465ee728b)
Start importing Assets/Resources/winter_global_697.asset using Guid(6d1e531acdc849444aacd8aa5c717507) Importer(815301076,1909f56bfc062723c751e8b465ee728b)  -> (artifact id: 'e1637e1d8543119656c5768439ab9b17') in 0.004170 seconds
Number of updated asset objects reloaded before import = 0
Number of asset objects unloaded after import = 3
========================================================================
Received Import Request.
  Time since last request: 0.000011 seconds.
  path: Assets/Resources/winter_global_563.asset
  artifactKey: Guid(e3c2d137b34b49d469685f433be8e616) Importer(815301076,1909f56bfc062723c751e8b465ee728b)
Start importing Assets/Resources/winter_global_563.asset using Guid(e3c2d137b34b49d469685f433be8e616) Importer(815301076,1909f56bfc062723c751e8b465ee728b)  -> (artifact id: '2c1aa35a9e459c9803790f1a73ce4337') in 0.004068 seconds
Number of updated asset objects reloaded before import = 0
Number of asset objects unloaded after import = 3
========================================================================
Received Import Request.
  Time since last request: 0.000010 seconds.
  path: Assets/Resources/winter_global_676.asset
  artifactKey: Guid(c3f99b7cf2ea97943a695c86d9cdc206) Importer(815301076,1909f56bfc062723c751e8b465ee728b)
Start importing Assets/Resources/winter_global_676.asset using Guid(c3f99b7cf2ea97943a695c86d9cdc206) Importer(815301076,1909f56bfc062723c751e8b465ee728b)  -> (artifact id: '58d64bf5a1d7b5d1aa0ea8524a7f36a6') in 0.047110 seconds
Number of updated asset objects reloaded before import = 0
Number of asset objects unloaded after import = 3
========================================================================
Received Prepare
Begin MonoManager ReloadAssembly
- Loaded All Assemblies, in  0.478 seconds
Refreshing native plugins compatible for Editor in 5.30 ms, found 4 plugins.
Native extension for WindowsStandalone target not found
[Package Manager] Server::EnsureServerProcessIsRunning -- launch failed, reason: Unity was launched with the -noUpm command-line argument
[Package Manager] UpmClient::Send -- Unable to send message (not connected to UPM process).
[Package Manager] Cannot connect to Unity Package Manager local server
Mono: successfully reloaded assembly
- Finished resetting the current domain, in  1.078 seconds
Domain Reload Profiling: 1556ms
	BeginReloadAssembly (193ms)
		ExecutionOrderSort (0ms)
		DisableScriptedObjects (12ms)
		BackupInstance (0ms)
		ReleaseScriptingObjects (0ms)
		CreateAndSetChildDomain (31ms)
	RebuildCommonClasses (37ms)
	RebuildNativeTypeToScriptingClass (14ms)
	initialDomainReloadingComplete (23ms)
	LoadAllAssembliesAndSetupDomain (212ms)
		LoadAssemblies (317ms)
		RebuildTransferFunctionScriptingTraits (0ms)
		AnalyzeDomain (17ms)
			TypeCache.Refresh (9ms)
				TypeCache.ScanAssembly (0ms)
			ScanForSourceGeneratedMonoScriptInfo (0ms)
			ResolveRequiredComponents (7ms)
	FinalizeReload (1078ms)
		ReleaseScriptCaches (0ms)
		RebuildScriptCaches (0ms)
		SetupLoadedEditorAssemblies (411ms)
			LogAssemblyErrors (0ms)
			InitializePlatformSupportModulesInManaged (5ms)
			SetLoadedEditorAssemblies (4ms)
			RefreshPlugins (0ms)
			BeforeProcessingInitializeOnLoad (67ms)
			ProcessInitializeOnLoadAttributes (302ms)
			ProcessInitializeOnLoadMethodAttributes (31ms)
			AfterProcessingInitializeOnLoad (2ms)
			EditorAssembliesLoaded (0ms)
		ExecutionOrderSort2 (0ms)
		AwakeInstancesAfterBackupRestoration (15ms)
Refreshing native plugins compatible for Editor in 7.12 ms, found 4 plugins.
Preloading 0 native plugins for Editor in 0.00 ms.
Unloading 4008 Unused Serialized files (Serialized files now loaded: 0)
Unloading 36 unused Assets / (35.2 KB). Loaded Objects now: 4505.
Memory consumption went from 148.4 MB to 148.3 MB.
Total: 6.985900 ms (FindLiveObjects: 0.760600 ms CreateObjectMapping: 0.352200 ms MarkObjects: 5.803400 ms  DeleteObjects: 0.068400 ms)

Prepare: number of updated asset objects reloaded= 0
AssetImportParameters requested are different than current active one (requested -> active):
  custom:container-demuxer-ogg: 62fdf1f143b41e24485cea50d1cbac27 -> 
  custom:video-codec-MediaFoundation-h265: e54d7ab0439102e2317fc1e4b246158d -> 
  custom:video-decoder-ogg-theora: a1e56fd34408186e4bbccfd4996cb3dc -> 
  custom:framework-win-MediaFoundation: 216162199b28c13a410421893ffa2e32 -> 
  custom:CustomObjectIndexerAttribute: 43b350a4d6e6d1791af0b5038c4bea17 -> 
  custom:container-demuxer-webm: 4f35f7cbe854078d1ac9338744f61a02 -> 
  custom:container-muxer-webm: aa71ff27fc2769a1b78a27578f13a17b -> 
  custom:video-decoder-webm-vp8: 9c59270c3fd7afecdb556c50c9e8de78 -> 
  custom:SearchIndexIgnoredProperties: e643bd26f0fe6173181afceb89e7c659 -> 
  custom:AudioImporter_EditorPlatform: d09bf68614088b80899f8185d706f6e7 -> 
  custom:video-encoder-webm-vp8: eb34c28f22e8b96e1ab97ce403110664 -> 
  custom:audio-decoder-ogg-vorbis: bf7c407c2cedff20999df2af8eb42d56 -> 
  custom:audio-encoder-webm-vorbis: bf7c407c2cedff20999df2af8eb42d56 -> 
========================================================================
Received Prepare
Begin MonoManager ReloadAssembly
- Loaded All Assemblies, in  0.511 seconds
Refreshing native plugins compatible for Editor in 4.52 ms, found 4 plugins.
Native extension for WindowsStandalone target not found
[Package Manager] Server::EnsureServerProcessIsRunning -- launch failed, reason: Unity was launched with the -noUpm command-line argument
[Package Manager] UpmClient::Send -- Unable to send message (not connected to UPM process).
[Package Manager] Cannot connect to Unity Package Manager local server
Mono: successfully reloaded assembly
- Finished resetting the current domain, in  1.151 seconds
Domain Reload Profiling: 1662ms
	BeginReloadAssembly (198ms)
		ExecutionOrderSort (0ms)
		DisableScriptedObjects (11ms)
		BackupInstance (0ms)
		ReleaseScriptingObjects (0ms)
		CreateAndSetChildDomain (33ms)
	RebuildCommonClasses (43ms)
	RebuildNativeTypeToScriptingClass (15ms)
	initialDomainReloadingComplete (22ms)
	LoadAllAssembliesAndSetupDomain (232ms)
		LoadAssemblies (346ms)
		RebuildTransferFunctionScriptingTraits (0ms)
		AnalyzeDomain (16ms)
			TypeCache.Refresh (8ms)
				TypeCache.ScanAssembly (0ms)
			ScanForSourceGeneratedMonoScriptInfo (0ms)
			ResolveRequiredComponents (7ms)
	FinalizeReload (1152ms)
		ReleaseScriptCaches (0ms)
		RebuildScriptCaches (0ms)
		SetupLoadedEditorAssemblies (469ms)
			LogAssemblyErrors (0ms)
			InitializePlatformSupportModulesInManaged (5ms)
			SetLoadedEditorAssemblies (4ms)
			RefreshPlugins (0ms)
			BeforeProcessingInitializeOnLoad (70ms)
			ProcessInitializeOnLoadAttributes (351ms)
			ProcessInitializeOnLoadMethodAttributes (37ms)
			AfterProcessingInitializeOnLoad (2ms)
			EditorAssembliesLoaded (0ms)
		ExecutionOrderSort2 (0ms)
		AwakeInstancesAfterBackupRestoration (25ms)
Refreshing native plugins compatible for Editor in 6.99 ms, found 4 plugins.
Preloading 0 native plugins for Editor in 0.00 ms.
Unloading 4009 Unused Serialized files (Serialized files now loaded: 0)
Unloading 36 unused Assets / (35.4 KB). Loaded Objects now: 4509.
Memory consumption went from 150.6 MB to 150.5 MB.
Total: 10.030800 ms (FindLiveObjects: 5.935000 ms CreateObjectMapping: 0.449900 ms MarkObjects: 3.574300 ms  DeleteObjects: 0.070600 ms)

Prepare: number of updated asset objects reloaded= 0
AssetImportParameters requested are different than current active one (requested -> active):
  custom:container-demuxer-ogg: 62fdf1f143b41e24485cea50d1cbac27 -> 
  custom:video-codec-MediaFoundation-h265: e54d7ab0439102e2317fc1e4b246158d -> 
  custom:video-decoder-ogg-theora: a1e56fd34408186e4bbccfd4996cb3dc -> 
  custom:framework-win-MediaFoundation: 216162199b28c13a410421893ffa2e32 -> 
  custom:CustomObjectIndexerAttribute: 43b350a4d6e6d1791af0b5038c4bea17 -> 
  custom:container-demuxer-webm: 4f35f7cbe854078d1ac9338744f61a02 -> 
  custom:container-muxer-webm: aa71ff27fc2769a1b78a27578f13a17b -> 
  custom:video-decoder-webm-vp8: 9c59270c3fd7afecdb556c50c9e8de78 -> 
  custom:SearchIndexIgnoredProperties: e643bd26f0fe6173181afceb89e7c659 -> 
  custom:AudioImporter_EditorPlatform: d09bf68614088b80899f8185d706f6e7 -> 
  custom:video-encoder-webm-vp8: eb34c28f22e8b96e1ab97ce403110664 -> 
  custom:audio-decoder-ogg-vorbis: bf7c407c2cedff20999df2af8eb42d56 -> 
  custom:audio-encoder-webm-vorbis: bf7c407c2cedff20999df2af8eb42d56 -> 
Editor requested this worker to shutdown with reason: Scaling down because of idle timeout
TcpMessagingSession - receive error: operation aborted. errorcode: 995, details: The I/O operation has been aborted because of either a thread exit or an application request.
AssetImportWorker is now disconnected from the server
Process exiting
Exiting without the bug reporter. Application will terminate with return code 0